<?xml version="1.0" encoding="UTF-8"?>
<robot generator="Robot 7.3.2 (Python 3.13.7 on win32)" generated="2025-10-10T15:25:11.914429" rpa="false" schemaversion="5">
<suite id="s1" name="Tests" source="C:\Users\Guilherme\Documents\Compass-PB\Documentos\Challenge Final\Frontend tests\tests">
<suite id="s1-s1" name="Sessions" source="C:\Users\Guilherme\Documents\Compass-PB\Documentos\Challenge Final\Frontend tests\tests\sessions.robot">
<test id="s1-s1-t1" name="CT01: Deve reservar um ingresso" line="10">
<kw name="Start Session" owner="base" type="SETUP">
<kw name="New Browser" owner="Browser">
<msg time="2025-10-10T15:25:12.245773" level="INFO">{"browser": "chromium", "headless": false, "chromiumSandbox": false, "devtools": false, "handleSIGHUP": true, "handleSIGINT": true, "handleSIGTERM": true, "slowMo": 0.0, "timeout": 30000.0, "tracesDir": "C:\\Users\\Guilherme\\Documents\\Compass-PB\\Documentos\\Challenge Final\\Frontend tests\\reports\\browser\\traces\\temp\\0b5d74ea-66c3-4847-b342-462df77fb83b"}</msg>
<msg time="2025-10-10T15:25:12.294723" level="INFO">Starting Browser process C:\Users\Guilherme\AppData\Local\Programs\Python\Python313\Lib\site-packages\Browser\wrapper\index.js using at 127.0.0.1:53452</msg>
<msg time="2025-10-10T15:25:14.485988" level="INFO">Successfully created browser with options: {"browser":"chromium","headless":false,"chromiumSandbox":false,"devtools":false,"handleSIGHUP":true,"handleSIGINT":true,"handleSIGTERM":true,"slowMo":0,"timeout":30000,"tracesDir":"C:\\Users\\Guilherme\\Documents\\Compass-PB\\Documentos\\Challenge Final\\Frontend tests\\reports\\browser\\traces\\temp\\0b5d74ea-66c3-4847-b342-462df77fb83b"}</msg>
<arg>browser=chromium</arg>
<arg>headless=False</arg>
<tag>BrowserControl</tag>
<tag>Setter</tag>
<doc>Create a new playwright Browser with specified options.</doc>
<status status="PASS" start="2025-10-10T15:25:12.244183" elapsed="2.242115"/>
</kw>
<kw name="New Page" owner="Browser">
<msg time="2025-10-10T15:25:18.045231" level="INFO">Successfully initialized new page object and opened url: http://localhost:3002</msg>
<msg time="2025-10-10T15:25:18.045407" level="INFO">No context was open. New context was automatically opened when this page is created.</msg>
<arg>${BASE_URL}</arg>
<tag>BrowserControl</tag>
<tag>Setter</tag>
<doc>Open a new Page.</doc>
<status status="PASS" start="2025-10-10T15:25:14.486679" elapsed="3.559046"/>
</kw>
<status status="PASS" start="2025-10-10T15:25:12.242406" elapsed="5.803649"/>
</kw>
<kw name="Login user" owner="base">
<kw name="Create Dictionary" owner="BuiltIn">
<msg time="2025-10-10T15:25:18.048539" level="INFO">${user} = {'email': 'test@example.com', 'password': 'password123'}</msg>
<var>${user}</var>
<arg>email=test@example.com</arg>
<arg>password=password123</arg>
<doc>Creates and returns a dictionary based on the given ``items``.</doc>
<status status="PASS" start="2025-10-10T15:25:18.047765" elapsed="0.000828"/>
</kw>
<kw name="Click With Options" owner="Browser">
<msg time="2025-10-10T15:25:18.049430" level="INFO">Clicks the element 'css=header a[href="/login"]'.</msg>
<arg>css=header a[href="/login"]</arg>
<tag>PageContent</tag>
<tag>Setter</tag>
<doc>Simulates mouse click on the element found by ``selector``.</doc>
<status status="PASS" start="2025-10-10T15:25:18.048796" elapsed="0.813609"/>
</kw>
<kw name="Fill Text" owner="Browser">
<msg time="2025-10-10T15:25:18.865421" level="INFO">Fills the text 'test@example.com' in the given field.</msg>
<arg>css=input[id="email"]</arg>
<arg>${user}[email]</arg>
<tag>PageContent</tag>
<tag>Setter</tag>
<doc>Clears and fills the given ``txt`` into the text field found by ``selector``.</doc>
<status status="PASS" start="2025-10-10T15:25:18.864281" elapsed="0.044615"/>
</kw>
<kw name="Fill Text" owner="Browser">
<msg time="2025-10-10T15:25:18.910429" level="INFO">Fills the text 'password123' in the given field.</msg>
<arg>css=input[id="password"]</arg>
<arg>${user}[password]</arg>
<tag>PageContent</tag>
<tag>Setter</tag>
<doc>Clears and fills the given ``txt`` into the text field found by ``selector``.</doc>
<status status="PASS" start="2025-10-10T15:25:18.909417" elapsed="0.050034"/>
</kw>
<kw name="Click" owner="Browser">
<msg time="2025-10-10T15:25:18.960710" level="INFO">Clicks the element 'css=button[type] &gt;&gt; text=Entrar'.</msg>
<arg>css=button[type] &gt;&gt; text=Entrar</arg>
<tag>PageContent</tag>
<tag>Setter</tag>
<doc>Simulates mouse click on the element found by ``selector``.</doc>
<status status="PASS" start="2025-10-10T15:25:18.959803" elapsed="0.087312"/>
</kw>
<kw name="Notice should be" owner="SingupPage">
<kw name="Set Variable" owner="BuiltIn">
<msg time="2025-10-10T15:25:19.048759" level="INFO">${element} = css=div[class="alerts-container"]</msg>
<var>${element}</var>
<arg>css=div[class="alerts-container"]</arg>
<doc>Returns the given values which can then be assigned to a variables.</doc>
<status status="PASS" start="2025-10-10T15:25:19.048263" elapsed="0.000560"/>
</kw>
<kw name="Wait For Elements State" owner="Browser">
<msg time="2025-10-10T15:25:20.195721" level="INFO">Waited for Element with selector css=div[class="alerts-container"] at state visible</msg>
<arg>${element}</arg>
<arg>visible</arg>
<arg>5s</arg>
<tag>PageContent</tag>
<tag>Wait</tag>
<doc>Waits for the element found by ``selector`` to satisfy state option.</doc>
<status status="PASS" start="2025-10-10T15:25:19.049075" elapsed="1.147177"/>
</kw>
<kw name="Get Text" owner="Browser">
<msg time="2025-10-10T15:25:20.349394" level="INFO">Text: 'Login realizado com sucesso!'</msg>
<arg>${element}</arg>
<arg>equal</arg>
<arg>${expected_text}</arg>
<tag>Assertion</tag>
<tag>Getter</tag>
<tag>PageContent</tag>
<doc>Returns text attribute of the element found by ``selector``.</doc>
<status status="PASS" start="2025-10-10T15:25:20.196812" elapsed="0.152813"/>
</kw>
<arg>Login realizado com sucesso!</arg>
<status status="PASS" start="2025-10-10T15:25:19.047502" elapsed="1.302416"/>
</kw>
<status status="PASS" start="2025-10-10T15:25:18.046690" elapsed="2.304016"/>
</kw>
<kw name="Click" owner="Browser">
<msg time="2025-10-10T15:25:20.376621" level="INFO">Clicks the element 'css=header a[href="/movies"]'.</msg>
<arg>css=header a[href="/movies"]</arg>
<tag>PageContent</tag>
<tag>Setter</tag>
<doc>Simulates mouse click on the element found by ``selector``.</doc>
<status status="PASS" start="2025-10-10T15:25:20.375579" elapsed="0.116672"/>
</kw>
<kw name="Wait For Elements State" owner="Browser">
<msg time="2025-10-10T15:25:20.555162" level="INFO">Waited for Element with selector css=div &gt; h1 at state visible</msg>
<arg>css=div &gt; h1</arg>
<arg>visible</arg>
<tag>PageContent</tag>
<tag>Wait</tag>
<doc>Waits for the element found by ``selector`` to satisfy state option.</doc>
<status status="PASS" start="2025-10-10T15:25:20.541049" elapsed="0.014474"/>
</kw>
<kw name="Sleep" owner="BuiltIn">
<msg time="2025-10-10T15:25:22.561799" level="INFO">Slept 2 seconds.</msg>
<arg>2s</arg>
<doc>Pauses the test executed for the given time.</doc>
<status status="PASS" start="2025-10-10T15:25:20.560150" elapsed="2.001792"/>
</kw>
<kw name="Click" owner="Browser">
<msg time="2025-10-10T15:25:22.563924" level="INFO">Clicks the element 'css=div:nth-child(1) &gt; div.movie-info &gt; a'.</msg>
<arg>css=div:nth-child(1) &gt; div.movie-info &gt; a</arg>
<tag>PageContent</tag>
<tag>Setter</tag>
<doc>Simulates mouse click on the element found by ``selector``.</doc>
<status status="PASS" start="2025-10-10T15:25:22.562372" elapsed="0.082277"/>
</kw>
<kw name="Wait For Elements State" owner="Browser">
<msg time="2025-10-10T15:25:24.561465" level="INFO">Waited for Element with selector css=div &gt; h1 at state visible</msg>
<arg>css=div &gt; h1</arg>
<arg>visible</arg>
<tag>PageContent</tag>
<tag>Wait</tag>
<doc>Waits for the element found by ``selector`` to satisfy state option.</doc>
<status status="PASS" start="2025-10-10T15:25:22.647708" elapsed="1.914037"/>
</kw>
<kw name="Sleep" owner="BuiltIn">
<msg time="2025-10-10T15:25:26.563130" level="INFO">Slept 2 seconds.</msg>
<arg>2s</arg>
<doc>Pauses the test executed for the given time.</doc>
<status status="PASS" start="2025-10-10T15:25:24.562201" elapsed="2.001385"/>
</kw>
<kw name="Click" owner="Browser">
<msg time="2025-10-10T15:25:26.565530" level="INFO">Clicks the element 'css=div &gt; div &gt; div:nth-child(1) &gt; a'.</msg>
<arg>css=div &gt; div &gt; div:nth-child(1) &gt; a</arg>
<tag>PageContent</tag>
<tag>Setter</tag>
<doc>Simulates mouse click on the element found by ``selector``.</doc>
<status status="PASS" start="2025-10-10T15:25:26.564099" elapsed="0.976656"/>
</kw>
<kw name="Wait For Elements State" owner="Browser">
<msg time="2025-10-10T15:25:27.693776" level="INFO">Waited for Element with selector css=div &gt; h1 at state visible</msg>
<arg>css=div &gt; h1</arg>
<arg>visible</arg>
<tag>PageContent</tag>
<tag>Wait</tag>
<doc>Waits for the element found by ``selector`` to satisfy state option.</doc>
<status status="PASS" start="2025-10-10T15:25:27.557971" elapsed="0.136104"/>
</kw>
<kw name="Sleep" owner="BuiltIn">
<msg time="2025-10-10T15:25:29.695853" level="INFO">Slept 2 seconds.</msg>
<arg>2s</arg>
<doc>Pauses the test executed for the given time.</doc>
<status status="PASS" start="2025-10-10T15:25:27.694589" elapsed="2.001454"/>
</kw>
<kw name="Click" owner="Browser">
<msg time="2025-10-10T15:25:29.697630" level="INFO">Clicks the element 'css=button[title="Fileira F, Assento 4 - Status: available"]'.</msg>
<arg>css=button[title="Fileira F, Assento 4 - Status: available"]</arg>
<tag>PageContent</tag>
<tag>Setter</tag>
<doc>Simulates mouse click on the element found by ``selector``.</doc>
<status status="PASS" start="2025-10-10T15:25:29.696590" elapsed="0.050608"/>
</kw>
<kw name="Sleep" owner="BuiltIn">
<msg time="2025-10-10T15:25:29.759286" level="INFO">Slept 10 milliseconds.</msg>
<arg>10ms</arg>
<doc>Pauses the test executed for the given time.</doc>
<status status="PASS" start="2025-10-10T15:25:29.747989" elapsed="0.011514"/>
</kw>
<kw name="Click" owner="Browser">
<msg time="2025-10-10T15:25:29.761638" level="INFO">Clicks the element 'css=button[title="Fileira F, Assento 5 - Status: available"]'.</msg>
<arg>css=button[title="Fileira F, Assento 5 - Status: available"]</arg>
<tag>PageContent</tag>
<tag>Setter</tag>
<doc>Simulates mouse click on the element found by ``selector``.</doc>
<status status="PASS" start="2025-10-10T15:25:29.760111" elapsed="0.088863"/>
</kw>
<kw name="Sleep" owner="BuiltIn">
<msg time="2025-10-10T15:25:29.862195" level="INFO">Slept 10 milliseconds.</msg>
<arg>10ms</arg>
<doc>Pauses the test executed for the given time.</doc>
<status status="PASS" start="2025-10-10T15:25:29.850672" elapsed="0.011651"/>
</kw>
<kw name="Click" owner="Browser">
<msg time="2025-10-10T15:25:29.863448" level="INFO">Clicks the element 'css=button[title="Fileira F, Assento 6 - Status: available"]'.</msg>
<arg>css=button[title="Fileira F, Assento 6 - Status: available"]</arg>
<tag>PageContent</tag>
<tag>Setter</tag>
<doc>Simulates mouse click on the element found by ``selector``.</doc>
<status status="PASS" start="2025-10-10T15:25:29.862715" elapsed="0.068489"/>
</kw>
<kw name="Sleep" owner="BuiltIn">
<msg time="2025-10-10T15:25:31.933700" level="INFO">Slept 2 seconds.</msg>
<arg>2s</arg>
<doc>Pauses the test executed for the given time.</doc>
<status status="PASS" start="2025-10-10T15:25:29.931806" elapsed="2.002391"/>
</kw>
<kw name="Click" owner="Browser">
<msg time="2025-10-10T15:25:31.939255" level="INFO">Clicks the element 'css=button[class="btn btn-primary checkout-button"]'.</msg>
<arg>css=button[class="btn btn-primary checkout-button"]</arg>
<tag>PageContent</tag>
<tag>Setter</tag>
<doc>Simulates mouse click on the element found by ``selector``.</doc>
<status status="PASS" start="2025-10-10T15:25:31.938055" elapsed="0.076555"/>
</kw>
<kw name="Wait For Elements State" owner="Browser">
<msg time="2025-10-10T15:25:32.034086" level="INFO">Waited for Element with selector css=div &gt; h1 at state visible</msg>
<arg>css=div &gt; h1</arg>
<arg>visible</arg>
<tag>PageContent</tag>
<tag>Wait</tag>
<doc>Waits for the element found by ``selector`` to satisfy state option.</doc>
<status status="PASS" start="2025-10-10T15:25:32.021764" elapsed="0.012598"/>
</kw>
<kw name="Sleep" owner="BuiltIn">
<msg time="2025-10-10T15:25:34.036589" level="INFO">Slept 2 seconds.</msg>
<arg>2s</arg>
<doc>Pauses the test executed for the given time.</doc>
<status status="PASS" start="2025-10-10T15:25:32.034941" elapsed="2.001939"/>
</kw>
<kw name="Click" owner="Browser">
<msg time="2025-10-10T15:25:34.038159" level="INFO">Clicks the element 'css=div[class="payment-method "] &gt; span &gt;&gt; text=Cartão de Crédito'.</msg>
<msg time="2025-10-10T15:25:44.177728" level="INFO" html="true">&lt;/td&gt;&lt;/tr&gt;&lt;tr&gt;&lt;td colspan="3"&gt;&lt;a href="browser/screenshot/fail-screenshot-1.png" target="_blank"&gt;&lt;img src="browser/screenshot/fail-screenshot-1.png" width="800px"/&gt;&lt;/a&gt;</msg>
<msg time="2025-10-10T15:25:44.177909" level="INFO">See also file:///C:/Users/Guilherme/Documents/Compass-PB/Documentos/Challenge%20Final/Frontend%20tests/reports/playwright-log.txt for additional details.</msg>
<msg time="2025-10-10T15:25:44.178393" level="FAIL">TimeoutError: locator.click: Timeout 10000ms exceeded.
Call log:
  - waiting for locator('div[class="payment-method "] &gt; span').locator('text=Cartão de Crédito')
</msg>
<arg>css=div[class="payment-method "] &gt; span &gt;&gt; text=Cartão de Crédito</arg>
<tag>PageContent</tag>
<tag>Setter</tag>
<doc>Simulates mouse click on the element found by ``selector``.</doc>
<status status="FAIL" start="2025-10-10T15:25:34.037392" elapsed="10.147070">TimeoutError: locator.click: Timeout 10000ms exceeded.
Call log:
  - waiting for locator('div[class="payment-method "] &gt; span').locator('text=Cartão de Crédito')
</status>
</kw>
<kw name="Wait For Elements State" owner="Browser">
<arg>css=div[class="payment-method selected"]</arg>
<tag>PageContent</tag>
<tag>Wait</tag>
<doc>Waits for the element found by ``selector`` to satisfy state option.</doc>
<status status="NOT RUN" start="2025-10-10T15:25:44.185021" elapsed="0.000323"/>
</kw>
<kw name="Sleep" owner="BuiltIn">
<arg>2s</arg>
<doc>Pauses the test executed for the given time.</doc>
<status status="NOT RUN" start="2025-10-10T15:25:44.185960" elapsed="0.000236"/>
</kw>
<kw name="Click" owner="Browser">
<arg>css=button[class="btn btn-primary btn-checkout"]</arg>
<tag>PageContent</tag>
<tag>Setter</tag>
<doc>Simulates mouse click on the element found by ``selector``.</doc>
<status status="NOT RUN" start="2025-10-10T15:25:44.186545" elapsed="0.000141"/>
</kw>
<kw name="Wait For Elements State" owner="Browser">
<arg>css=div[class="confirmation-header"]</arg>
<arg>visible</arg>
<tag>PageContent</tag>
<tag>Wait</tag>
<doc>Waits for the element found by ``selector`` to satisfy state option.</doc>
<status status="NOT RUN" start="2025-10-10T15:25:44.186972" elapsed="0.000134"/>
</kw>
<kw name="Sleep" owner="BuiltIn">
<arg>2s</arg>
<doc>Pauses the test executed for the given time.</doc>
<status status="NOT RUN" start="2025-10-10T15:25:44.187584" elapsed="0.000134"/>
</kw>
<kw name="Take Screenshot" owner="Browser" type="TEARDOWN">
<msg time="2025-10-10T15:25:44.318412" level="INFO" html="true">&lt;/td&gt;&lt;/tr&gt;&lt;tr&gt;&lt;td colspan="3"&gt;&lt;a href="browser/screenshot/robotframework-browser-screenshot-1.png" target="_blank"&gt;&lt;img src="browser/screenshot/robotframework-browser-screenshot-1.png" width="800px"/&gt;&lt;/a&gt;</msg>
<tag>PageContent</tag>
<doc>Takes a screenshot of the current window or element and saves it to disk.</doc>
<status status="PASS" start="2025-10-10T15:25:44.188149" elapsed="0.130510"/>
</kw>
<msg time="2025-10-10T15:25:44.345125" level="INFO">Switching context to context=ac1a88eb-db8a-4fb7-baf5-62710cc6f12b in CURRENT</msg>
<msg time="2025-10-10T15:25:44.365560" level="INFO">Successfully changed active context: context=ac1a88eb-db8a-4fb7-baf5-62710cc6f12b</msg>
<msg time="2025-10-10T15:25:44.451205" level="INFO">Successfully closed Context</msg>
<tag>ingresso</tag>
<status status="FAIL" start="2025-10-10T15:25:12.240840" elapsed="32.079339">TimeoutError: locator.click: Timeout 10000ms exceeded.
Call log:
  - waiting for locator('div[class="payment-method "] &gt; span').locator('text=Cartão de Crédito')
</status>
</test>
<doc>Cenários de teste para a página de cadastro de usuários</doc>
<status status="FAIL" start="2025-10-10T15:25:11.972492" elapsed="32.486407"/>
</suite>
<status status="FAIL" start="2025-10-10T15:25:11.916900" elapsed="32.572560"/>
</suite>
<statistics>
<total>
<stat pass="0" fail="1" skip="0">All Tests</stat>
</total>
<tag>
<stat pass="0" fail="1" skip="0">ingresso</stat>
</tag>
<suite>
<stat name="Tests" id="s1" pass="0" fail="1" skip="0">Tests</stat>
<stat name="Sessions" id="s1-s1" pass="0" fail="1" skip="0">Tests.Sessions</stat>
</suite>
</statistics>
<errors>
</errors>
</robot>
