<?xml version="1.0" encoding="UTF-8"?>
<robot generator="Robot 7.3.2 (Python 3.13.7 on win32)" generated="2025-10-09T18:23:43.167995" rpa="false" schemaversion="5">
<suite id="s1" name="20 Reservations" source="C:\Users\Guilherme\Documents\Compass-PB\Documentos\Challenge Final\Backend tests\tests\20_reservations.robot">
<kw name="Create API Session" owner="env" type="SETUP">
<kw name="Create Session" owner="RequestsLibrary">
<msg time="2025-10-09T18:23:43.464341" level="INFO">Creating Session using : alias=cinema, url=http://localhost:3000/api/v1, headers={},                     cookies={}, auth=None, timeout=None, proxies=None, verify=False,                     debug=0 </msg>
<arg>cinema</arg>
<arg>${BASE_URL}</arg>
<arg>disable_warnings=1</arg>
<doc>Create Session: create a HTTP session to a server</doc>
<status status="PASS" start="2025-10-09T18:23:43.463913" elapsed="0.007081"/>
</kw>
<status status="PASS" start="2025-10-09T18:23:43.462823" elapsed="0.008541"/>
</kw>
<test id="s1-t1" name="CT01:Minhas reservas (200)" line="15">
<kw name="Login As User" owner="auth">
<kw name="Create API Session" owner="env">
<kw name="Create Session" owner="RequestsLibrary">
<msg time="2025-10-09T18:23:43.474253" level="INFO">Creating Session using : alias=cinema, url=http://localhost:3000/api/v1, headers={},                     cookies={}, auth=None, timeout=None, proxies=None, verify=False,                     debug=0 </msg>
<arg>cinema</arg>
<arg>${BASE_URL}</arg>
<arg>disable_warnings=1</arg>
<doc>Create Session: create a HTTP session to a server</doc>
<status status="PASS" start="2025-10-09T18:23:43.473828" elapsed="0.000692"/>
</kw>
<status status="PASS" start="2025-10-09T18:23:43.473291" elapsed="0.001356"/>
</kw>
<kw name="Create Dictionary" owner="BuiltIn">
<msg time="2025-10-09T18:23:43.475269" level="INFO">${body} = {'email': 'test@example.com', 'password': 'password123'}</msg>
<var>${body}</var>
<arg>email=${USER_EMAIL}</arg>
<arg>password=${USER_PASS}</arg>
<doc>Creates and returns a dictionary based on the given ``items``.</doc>
<status status="PASS" start="2025-10-09T18:23:43.474792" elapsed="0.000517"/>
</kw>
<kw name="POST On Session" owner="RequestsLibrary">
<msg time="2025-10-09T18:23:43.676498" level="INFO">POST Request : url=http://localhost:3000/api/v1/auth/login 
 path_url=/api/v1/auth/login 
 headers={'User-Agent': 'python-requests/2.32.5', 'Accept-Encoding': 'gzip, deflate', 'Accept': '*/*', 'Connection': 'keep-alive', 'Content-Length': '56', 'Content-Type': 'application/json'} 
 body=b'{"email": "test@example.com", "password": "password123"}' 
 </msg>
<msg time="2025-10-09T18:23:43.676670" level="INFO">POST Response : url=http://localhost:3000/api/v1/auth/login 
 status=200, reason=OK 
 headers={'X-Powered-By': 'Express', 'Access-Control-Allow-Origin': '*', 'Content-Type': 'application/json; charset=utf-8', 'Content-Length': '300', 'ETag': 'W/"12c-WWk6PdV4sSs2OwtTuKgaNXrg9Pk"', 'Date': 'Thu, 09 Oct 2025 21:23:43 GMT', 'Connection': 'keep-alive', 'Keep-Alive': 'timeout=5'} 
 body={"success":true,"data":{"_id":"68e7f406332ba66a53fe60d9","name":"Test User","email":"test@example.com","role":"user","token":"eyJhbGciOiJIUzI1NiIsInR5cCI6IkpXVCJ9.eyJpZCI6IjY4ZTdmNDA2MzMyYmE2NmE1M2ZlNjBkOSIsImlhdCI6MTc2MDA0NTAyMywiZXhwIjoxNzYwMTMxNDIzfQ.jao2fMILpVDnvYp5sSR1uvX7f5irY46W1tRUc26XlUc"}} 
 </msg>
<msg time="2025-10-09T18:23:43.676878" level="INFO">${resp} = &lt;Response [200]&gt;</msg>
<var>${resp}</var>
<arg>cinema</arg>
<arg>/auth/login</arg>
<arg>json=${body}</arg>
<arg>expected_status=any</arg>
<doc>Sends a POST request on a previously created HTTP Session.</doc>
<status status="PASS" start="2025-10-09T18:23:43.475448" elapsed="0.201468"/>
</kw>
<kw name="Should Be Equal As Integers" owner="BuiltIn">
<msg time="2025-10-09T18:23:43.678501" level="INFO">Argument types are:
&lt;class 'int'&gt;
&lt;class 'str'&gt;</msg>
<arg>${resp.status_code}</arg>
<arg>200</arg>
<doc>Fails if objects are unequal after converting them to integers.</doc>
<status status="PASS" start="2025-10-09T18:23:43.677245" elapsed="0.001401"/>
</kw>
<kw name="Extract Token" owner="auth">
<kw name="Set Variable" owner="BuiltIn">
<msg time="2025-10-09T18:23:43.681049" level="INFO">${body} = {'success': True, 'data': {'_id': '68e7f406332ba66a53fe60d9', 'name': 'Test User', 'email': 'test@example.com', 'role': 'user', 'token': 'eyJhbGciOiJIUzI1NiIsInR5cCI6IkpXVCJ9.eyJpZCI6IjY4ZTdmNDA2MzMyY...</msg>
<var>${body}</var>
<arg>${resp.json()}</arg>
<doc>Returns the given values which can then be assigned to a variables.</doc>
<status status="PASS" start="2025-10-09T18:23:43.679709" elapsed="0.001405"/>
</kw>
<kw name="_Extract From Body" owner="auth">
<kw name="Run Keyword And Return If" owner="BuiltIn">
<msg time="2025-10-09T18:23:43.682544" level="INFO">${value} = None</msg>
<var>${value}</var>
<arg>'${key}' in ${body}</arg>
<arg>Set Variable</arg>
<arg>${body['${key}']}</arg>
<doc>Runs the specified keyword and returns from the enclosing user keyword.</doc>
<status status="PASS" start="2025-10-09T18:23:43.682052" elapsed="0.000549"/>
</kw>
<kw name="Run Keyword And Return If" owner="BuiltIn">
<kw name="Set Variable" owner="BuiltIn">
<arg>${body['data']['${key}']}</arg>
<doc>Returns the given values which can then be assigned to a variables.</doc>
<status status="PASS" start="2025-10-09T18:23:43.684327" elapsed="0.001284"/>
</kw>
<msg time="2025-10-09T18:23:43.685738" level="INFO">Returning from the enclosing user keyword.</msg>
<var>${value}</var>
<arg>'data' in ${body} and '${key}' in ${body['data']}</arg>
<arg>Set Variable</arg>
<arg>${body['data']['${key}']}</arg>
<doc>Runs the specified keyword and returns from the enclosing user keyword.</doc>
<status status="PASS" start="2025-10-09T18:23:43.682835" elapsed="0.003044"/>
</kw>
<return>
<value>${value}</value>
<status status="NOT RUN" start="2025-10-09T18:23:43.686013" elapsed="0.000050"/>
</return>
<msg time="2025-10-09T18:23:43.686296" level="INFO">${token} = eyJhbGciOiJIUzI1NiIsInR5cCI6IkpXVCJ9.eyJpZCI6IjY4ZTdmNDA2MzMyYmE2NmE1M2ZlNjBkOSIsImlhdCI6MTc2MDA0NTAyMywiZXhwIjoxNzYwMTMxNDIzfQ.jao2fMILpVDnvYp5sSR1uvX7f5irY46W1tRUc26XlUc</msg>
<var>${token}</var>
<arg>${body}</arg>
<arg>token</arg>
<status status="PASS" start="2025-10-09T18:23:43.681455" elapsed="0.004900"/>
</kw>
<kw name="Should Not Be Empty" owner="BuiltIn">
<msg time="2025-10-09T18:23:43.686822" level="INFO">Length is 171.</msg>
<arg>${token}</arg>
<doc>Verifies that the given item is not empty.</doc>
<status status="PASS" start="2025-10-09T18:23:43.686587" elapsed="0.000334"/>
</kw>
<return>
<value>${token}</value>
<status status="PASS" start="2025-10-09T18:23:43.687019" elapsed="0.000061"/>
</return>
<msg time="2025-10-09T18:23:43.687366" level="INFO">${token} = eyJhbGciOiJIUzI1NiIsInR5cCI6IkpXVCJ9.eyJpZCI6IjY4ZTdmNDA2MzMyYmE2NmE1M2ZlNjBkOSIsImlhdCI6MTc2MDA0NTAyMywiZXhwIjoxNzYwMTMxNDIzfQ.jao2fMILpVDnvYp5sSR1uvX7f5irY46W1tRUc26XlUc</msg>
<var>${token}</var>
<arg>${resp}</arg>
<status status="PASS" start="2025-10-09T18:23:43.679059" elapsed="0.008368"/>
</kw>
<return>
<value>${token}</value>
<status status="PASS" start="2025-10-09T18:23:43.687515" elapsed="0.000047"/>
</return>
<msg time="2025-10-09T18:23:43.687799" level="INFO">${user_token} = eyJhbGciOiJIUzI1NiIsInR5cCI6IkpXVCJ9.eyJpZCI6IjY4ZTdmNDA2MzMyYmE2NmE1M2ZlNjBkOSIsImlhdCI6MTc2MDA0NTAyMywiZXhwIjoxNzYwMTMxNDIzfQ.jao2fMILpVDnvYp5sSR1uvX7f5irY46W1tRUc26XlUc</msg>
<var>${user_token}</var>
<status status="PASS" start="2025-10-09T18:23:43.472601" elapsed="0.215251"/>
</kw>
<kw name="My Reservations" owner="reservations">
<kw name="Header (Token)" owner="reservations">
<kw name="Header With Token" owner="env">
<kw name="Create Dictionary" owner="BuiltIn">
<msg time="2025-10-09T18:23:43.690846" level="INFO">${headers} = {'Authorization': 'Bearer eyJhbGciOiJIUzI1NiIsInR5cCI6IkpXVCJ9.eyJpZCI6IjY4ZTdmNDA2MzMyYmE2NmE1M2ZlNjBkOSIsImlhdCI6MTc2MDA0NTAyMywiZXhwIjoxNzYwMTMxNDIzfQ.jao2fMILpVDnvYp5sSR1uvX7f5irY46W1tRUc26XlUc', ...</msg>
<var>${headers}</var>
<arg>Authorization=Bearer ${token}</arg>
<arg>Content-Type=application/json</arg>
<arg>Accept=application/json</arg>
<doc>Creates and returns a dictionary based on the given ``items``.</doc>
<status status="PASS" start="2025-10-09T18:23:43.690495" elapsed="0.000395"/>
</kw>
<return>
<value>${headers}</value>
<status status="PASS" start="2025-10-09T18:23:43.691149" elapsed="0.000045"/>
</return>
<msg time="2025-10-09T18:23:43.691386" level="INFO">${headers} = {'Authorization': 'Bearer eyJhbGciOiJIUzI1NiIsInR5cCI6IkpXVCJ9.eyJpZCI6IjY4ZTdmNDA2MzMyYmE2NmE1M2ZlNjBkOSIsImlhdCI6MTc2MDA0NTAyMywiZXhwIjoxNzYwMTMxNDIzfQ.jao2fMILpVDnvYp5sSR1uvX7f5irY46W1tRUc26XlUc', ...</msg>
<var>${headers}</var>
<arg>${token}</arg>
<status status="PASS" start="2025-10-09T18:23:43.690029" elapsed="0.001393"/>
</kw>
<return>
<value>${headers}</value>
<status status="PASS" start="2025-10-09T18:23:43.691478" elapsed="0.000032"/>
</return>
<msg time="2025-10-09T18:23:43.691670" level="INFO">${headers} = {'Authorization': 'Bearer eyJhbGciOiJIUzI1NiIsInR5cCI6IkpXVCJ9.eyJpZCI6IjY4ZTdmNDA2MzMyYmE2NmE1M2ZlNjBkOSIsImlhdCI6MTc2MDA0NTAyMywiZXhwIjoxNzYwMTMxNDIzfQ.jao2fMILpVDnvYp5sSR1uvX7f5irY46W1tRUc26XlUc', ...</msg>
<var>${headers}</var>
<arg>${token}</arg>
<status status="PASS" start="2025-10-09T18:23:43.689219" elapsed="0.002485"/>
</kw>
<kw name="GET On Session" owner="RequestsLibrary">
<msg time="2025-10-09T18:23:43.943427" level="INFO">GET Request : url=http://localhost:3000/api/v1/reservations/me 
 path_url=/api/v1/reservations/me 
 headers={'User-Agent': 'python-requests/2.32.5', 'Accept-Encoding': 'gzip, deflate', 'Accept': 'application/json', 'Connection': 'keep-alive', 'Authorization': 'Bearer eyJhbGciOiJIUzI1NiIsInR5cCI6IkpXVCJ9.eyJpZCI6IjY4ZTdmNDA2MzMyYmE2NmE1M2ZlNjBkOSIsImlhdCI6MTc2MDA0NTAyMywiZXhwIjoxNzYwMTMxNDIzfQ.jao2fMILpVDnvYp5sSR1uvX7f5irY46W1tRUc26XlUc', 'Content-Type': 'application/json'} 
 body=None 
 </msg>
<msg time="2025-10-09T18:23:43.943645" level="INFO">GET Response : url=http://localhost:3000/api/v1/reservations/me 
 status=200, reason=OK 
 headers={'X-Powered-By': 'Express', 'Access-Control-Allow-Origin': '*', 'Content-Type': 'application/json; charset=utf-8', 'Content-Length': '24642', 'ETag': 'W/"6042-ek+zVmZqxTy+5/Uxoxj0sBO3YoQ"', 'Date': 'Thu, 09 Oct 2025 21:23:43 GMT', 'Connection': 'keep-alive', 'Keep-Alive': 'timeout=5'} 
 body={"success":true,"count":4,"data":[{"_id":"68e820d38a6fd548e9063e0f","user":"68e7f406332ba66a53fe60d9","session":{"_id":"68e81126aad0b0d70a387eaf","movie":{"_id":"68e81125aad0b0d70a387e9a","title":"The Matrix","poster":"matrix.jpg","id":"68e81125aad0b0d70a387e9a"},"theater":{"_id":"68e7f2d979e540f75211b23e","name":"Theater 1","id":"68e7f2d979e540f75211b23e"},"datetime":"2025-10-09T15:00:00.000Z","fullPrice":21,"halfPrice":9.5,"seats":[{"row":"A","number":1,"status":"occupied"},{"row":"A","number":2,"status":"available"},{"row":"A","number":3,"status":"available"},{"row":"A","number":4,"status":"available"},{"row":"A","number":5,"status":"available"},{"row":"A","number":6,"status":"available"},{"row":"A","number":7,"status":"available"},{"row":"A","number":8,"status":"available"},{"row":"A","number":9,"status":"available"},{"row":"A","number":10,"status":"available"},{"row":"A","number":11,"status":"occupied"},{"row":"A","number":12,"status":"available"},{"row":"A","number":13,"status":"available"},{"row":"A","number":14,"status":"available"},{"row":"A","number":15,"status":"available"},{"row":"B","number":1,"status":"available"},{"row":"B","number":2,"status":"occupied"},{"row":"B","number":3,"status":"available"},{"row":"B","number":4,"status":"available"},{"row":"B","number":5,"status":"available"},{"row":"B","number":6,"status":"available"},{"row":"B","number":7,"status":"occupied"},{"row":"B","number":8,"status":"available"},{"row":"B","number":9,"status":"available"},{"row":"B","number":10,"status":"available"},{"row":"B","number":11,"status":"available"},{"row":"B","number":12,"status":"occupied"},{"row":"B","number":13,"status":"available"},{"row":"B","number":14,"status":"available"},{"row":"B","number":15,"status":"available"},{"row":"C","number":1,"status":"available"},{"row":"C","number":2,"status":"available"},{"row":"C","number":3,"status":"available"},{"row":"C","number":4,"status":"available"},{"row":"C","number":5,"status":"available"},{"row":"C","number":6,"status":"available"},{"row":"C","number":7,"status":"available"},{"row":"C","number":8,"status":"occupied"},{"row":"C","number":9,"status":"available"},{"row":"C","number":10,"status":"available"},{"row":"C","number":11,"status":"available"},{"row":"C","number":12,"status":"available"},{"row":"C","number":13,"status":"available"},{"row":"C","number":14,"status":"available"},{"row":"C","number":15,"status":"available"},{"row":"D","number":1,"status":"available"},{"row":"D","number":2,"status":"available"},{"row":"D","number":3,"status":"available"},{"row":"D","number":4,"status":"available"},{"row":"D","number":5,"status":"available"},{"row":"D","number":6,"status":"available"},{"row":"D","number":7,"status":"available"},{"row":"D","number":8,"status":"available"},{"row":"D","number":9,"status":"occupied"},{"row":"D","number":10,"status":"available"},{"row":"D","number":11,"status":"available"},{"row":"D","number":12,"status":"available"},{"row":"D","number":13,"status":"available"},{"row":"D","number":14,"status":"available"},{"row":"D","number":15,"status":"available"},{"row":"E","number":1,"status":"available"},{"row":"E","number":2,"status":"available"},{"row":"E","number":3,"status":"available"},{"row":"E","number":4,"status":"available"},{"row":"E","number":5,"status":"available"},{"row":"E","number":6,"status":"available"},{"row":"E","number":7,"status":"available"},{"row":"E","number":8,"status":"available"},{"row":"E","number":9,"status":"available"},{"row":"E","number":10,"status":"occupied"},{"row":"E","number":11,"status":"available"},{"row":"E","number":12,"status":"available"},{"row":"E","number":13,"status":"available"},{"row":"E","number":14,"status":"available"},{"row":"E","number":15,"status":"available"},{"row":"F","number":1,"status":"available"},{"row":"F","number":2,"status":"available"},{"row":"F","number":3,"status":"available"},{"row":"F","number":4,"status":"available"},{"row":"F","number":5,"status":"available"},{"row":"F","number":6,"status":"available"},{"row":"F","number":7,"status":"available"},{"row":"F","number":8,"status":"available"},{"row":"F","number":9,"status":"available"},{"row":"F","number":10,"status":"available"},{"row":"F","number":11,"status":"available"},{"row":"F","number":12,"status":"available"},{"row":"F","number":13,"status":"available"},{"row":"F","number":14,"status":"available"},{"row":"F","number":15,"status":"available"},{"row":"G","number":1,"status":"available"},{"row":"G","number":2,"status":"available"},{"row":"G","number":3,"status":"available"},{"row":"G","number":4,"status":"available"},{"row":"G","number":5,"status":"available"},{"row":"G","number":6,"status":"available"},{"row":"G","number":7,"status":"available"},{"row":"G","number":8,"status":"available"},{"row":"G","number":9,"status":"available"},{"row":"G","number":10,"status":"available"},{"row":"G","number":11,"status":"available"},{"row":"G","number":12,"status":"available"},{"row":"G","number":13,"status":"available"},{"row":"G","number":14,"status":"available"},{"row":"G","number":15,"status":"available"},{"row":"H","number":1,"status":"available"},{"row":"H","number":2,"status":"available"},{"row":"H","number":3,"status":"available"},{"row":"H","number":4,"status":"available"},{"row":"H","number":5,"status":"available"},{"row":"H","number":6,"status":"available"},{"row":"H","number":7,"status":"available"},{"row":"H","number":8,"status":"available"},{"row":"H","number":9,"status":"available"},{"row":"H","number":10,"status":"available"},{"row":"H","number":11,"status":"available"},{"row":"H","number":12,"status":"available"},{"row":"H","number":13,"status":"available"},{"row":"H","number":14,"status":"available"},{"row":"H","number":15,"status":"available"}],"createdAt":"2025-10-09T19:46:46.461Z","__v":0,"updatedAt":"2025-10-09T21:22:48.845Z","id":"68e81126aad0b0d70a387eaf"},"seats":[{"row":"A","number":11,"type":"full"},{"row":"B","number":12,"type":"full"}],"totalPrice":42,"status":"confirmed","paymentStatus":"completed","paymentMethod":"credit_card","paymentDate":"2025-10-09T20:53:39.470Z","createdAt":"2025-10-09T20:53:39.471Z","updatedAt":"2025-10-09T20:53:39.471Z","__v":0},{"_id":"68e81eef8a6fd548e9063d8b","user":"68e7f406332ba66a53fe60d9","session":{"_id":"68e81126aad0b0d70a387eaf","movie":{"_id":"68e81125aad0b0d70a387e9a","title":"The Matrix","poster":"matrix.jpg","id":"68e81125aad0b0d70a387e9a"},"theater":{"_id":"68e7f2d979e540f75211b23e","name":"Theater 1","id":"68e7f2d979e540f75211b23e"},"datetime":"2025-10-09T15:00:00.000Z","fullPrice":21,"halfPrice":9.5,"seats":[{"row":"A","number":1,"status":"occupied"},{"row":"A","number":2,"status":"available"},{"row":"A","number":3,"status":"available"},{"row":"A","number":4,"status":"available"},{"row":"A","number":5,"status":"available"},{"row":"A","number":6,"status":"available"},{"row":"A","number":7,"status":"available"},{"row":"A","number":8,"status":"available"},{"row":"A","number":9,"status":"available"},{"row":"A","number":10,"status":"available"},{"row":"A","number":11,"status":"occupied"},{"row":"A","number":12,"status":"available"},{"row":"A","number":13,"status":"available"},{"row":"A","number":14,"status":"available"},{"row":"A","number":15,"status":"available"},{"row":"B","number":1,"status":"available"},{"row":"B","number":2,"status":"occupied"},{"row":"B","number":3,"status":"available"},{"row":"B","number":4,"status":"available"},{"row":"B","number":5,"status":"available"},{"row":"B","number":6,"status":"available"},{"row":"B","number":7,"status":"occupied"},{"row":"B","number":8,"status":"available"},{"row":"B","number":9,"status":"available"},{"row":"B","number":10,"status":"available"},{"row":"B","number":11,"status":"available"},{"row":"B","number":12,"status":"occupied"},{"row":"B","number":13,"status":"available"},{"row":"B","number":14,"status":"available"},{"row":"B","number":15,"status":"available"},{"row":"C","number":1,"status":"available"},{"row":"C","number":2,"status":"available"},{"row":"C","number":3,"status":"available"},{"row":"C","number":4,"status":"available"},{"row":"C","number":5,"status":"available"},{"row":"C","number":6,"status":"available"},{"row":"C","number":7,"status":"available"},{"row":"C","number":8,"status":"occupied"},{"row":"C","number":9,"status":"available"},{"row":"C","number":10,"status":"available"},{"row":"C","number":11,"status":"available"},{"row":"C","number":12,"status":"available"},{"row":"C","number":13,"status":"available"},{"row":"C","number":14,"status":"available"},{"row":"C","number":15,"status":"available"},{"row":"D","number":1,"status":"available"},{"row":"D","number":2,"status":"available"},{"row":"D","number":3,"status":"available"},{"row":"D","number":4,"status":"available"},{"row":"D","number":5,"status":"available"},{"row":"D","number":6,"status":"available"},{"row":"D","number":7,"status":"available"},{"row":"D","number":8,"status":"available"},{"row":"D","number":9,"status":"occupied"},{"row":"D","number":10,"status":"available"},{"row":"D","number":11,"status":"available"},{"row":"D","number":12,"status":"available"},{"row":"D","number":13,"status":"available"},{"row":"D","number":14,"status":"available"},{"row":"D","number":15,"status":"available"},{"row":"E","number":1,"status":"available"},{"row":"E","number":2,"status":"available"},{"row":"E","number":3,"status":"available"},{"row":"E","number":4,"status":"available"},{"row":"E","number":5,"status":"available"},{"row":"E","number":6,"status":"available"},{"row":"E","number":7,"status":"available"},{"row":"E","number":8,"status":"available"},{"row":"E","number":9,"status":"available"},{"row":"E","number":10,"status":"occupied"},{"row":"E","number":11,"status":"available"},{"row":"E","number":12,"status":"available"},{"row":"E","number":13,"status":"available"},{"row":"E","number":14,"status":"available"},{"row":"E","number":15,"status":"available"},{"row":"F","number":1,"status":"available"},{"row":"F","number":2,"status":"available"}... (set the log level to DEBUG or TRACE to see the full content) 
 </msg>
<msg time="2025-10-09T18:23:43.944336" level="INFO">${resp} = &lt;Response [200]&gt;</msg>
<var>${resp}</var>
<arg>cinema</arg>
<arg>/reservations/me</arg>
<arg>headers=${headers}</arg>
<arg>expected_status=any</arg>
<doc>Sends a GET request on a previously created HTTP Session.</doc>
<status status="PASS" start="2025-10-09T18:23:43.691840" elapsed="0.252571"/>
</kw>
<return>
<value>${resp}</value>
<status status="PASS" start="2025-10-09T18:23:43.944599" elapsed="0.000083"/>
</return>
<msg time="2025-10-09T18:23:43.944999" level="INFO">${resp} = &lt;Response [200]&gt;</msg>
<var>${resp}</var>
<arg>${user_token}</arg>
<status status="PASS" start="2025-10-09T18:23:43.688359" elapsed="0.256699"/>
</kw>
<kw name="Should Be Equal As Integers" owner="BuiltIn">
<msg time="2025-10-09T18:23:43.946611" level="INFO">Argument types are:
&lt;class 'int'&gt;
&lt;class 'str'&gt;</msg>
<arg>${resp.status_code}</arg>
<arg>200</arg>
<doc>Fails if objects are unequal after converting them to integers.</doc>
<status status="PASS" start="2025-10-09T18:23:43.945541" elapsed="0.001197"/>
</kw>
<status status="PASS" start="2025-10-09T18:23:43.471521" elapsed="0.475655"/>
</test>
<test id="s1-t2" name="CT02:Minhas reservas - sem token (401)" line="20">
<kw name="GET On Session" owner="RequestsLibrary">
<msg time="2025-10-09T18:23:43.953670" level="INFO">GET Request : url=http://localhost:3000/api/v1/reservations/me 
 path_url=/api/v1/reservations/me 
 headers={'User-Agent': 'python-requests/2.32.5', 'Accept-Encoding': 'gzip, deflate', 'Accept': '*/*', 'Connection': 'keep-alive'} 
 body=None 
 </msg>
<msg time="2025-10-09T18:23:43.953836" level="INFO">GET Response : url=http://localhost:3000/api/v1/reservations/me 
 status=401, reason=Unauthorized 
 headers={'X-Powered-By': 'Express', 'Access-Control-Allow-Origin': '*', 'Content-Type': 'application/json; charset=utf-8', 'Content-Length': '65', 'ETag': 'W/"41-TJq3LYiwj1On+7IZ17oLU5tM1Zs"', 'Date': 'Thu, 09 Oct 2025 21:23:43 GMT', 'Connection': 'keep-alive', 'Keep-Alive': 'timeout=5'} 
 body={"success":false,"message":"Not authorized to access this route"} 
 </msg>
<msg time="2025-10-09T18:23:43.954104" level="INFO">${resp} = &lt;Response [401]&gt;</msg>
<var>${resp}</var>
<arg>cinema</arg>
<arg>/reservations/me</arg>
<arg>expected_status=any</arg>
<doc>Sends a GET request on a previously created HTTP Session.</doc>
<status status="PASS" start="2025-10-09T18:23:43.948740" elapsed="0.005431"/>
</kw>
<kw name="Should Be Equal As Integers" owner="BuiltIn">
<msg time="2025-10-09T18:23:43.956027" level="INFO">Argument types are:
&lt;class 'int'&gt;
&lt;class 'str'&gt;</msg>
<arg>${resp.status_code}</arg>
<arg>401</arg>
<doc>Fails if objects are unequal after converting them to integers.</doc>
<status status="PASS" start="2025-10-09T18:23:43.954726" elapsed="0.001487"/>
</kw>
<status status="PASS" start="2025-10-09T18:23:43.947950" elapsed="0.008756"/>
</test>
<test id="s1-t3" name="CT03:Criar reserva com sucesso (201)" line="24">
<kw name="Login As User" owner="auth">
<kw name="Create API Session" owner="env">
<kw name="Create Session" owner="RequestsLibrary">
<msg time="2025-10-09T18:23:43.960911" level="INFO">Creating Session using : alias=cinema, url=http://localhost:3000/api/v1, headers={},                     cookies={}, auth=None, timeout=None, proxies=None, verify=False,                     debug=0 </msg>
<arg>cinema</arg>
<arg>${BASE_URL}</arg>
<arg>disable_warnings=1</arg>
<doc>Create Session: create a HTTP session to a server</doc>
<status status="PASS" start="2025-10-09T18:23:43.960421" elapsed="0.000825"/>
</kw>
<status status="PASS" start="2025-10-09T18:23:43.959731" elapsed="0.001714"/>
</kw>
<kw name="Create Dictionary" owner="BuiltIn">
<msg time="2025-10-09T18:23:43.962354" level="INFO">${body} = {'email': 'test@example.com', 'password': 'password123'}</msg>
<var>${body}</var>
<arg>email=${USER_EMAIL}</arg>
<arg>password=${USER_PASS}</arg>
<doc>Creates and returns a dictionary based on the given ``items``.</doc>
<status status="PASS" start="2025-10-09T18:23:43.961703" elapsed="0.000720"/>
</kw>
<kw name="POST On Session" owner="RequestsLibrary">
<msg time="2025-10-09T18:23:44.162369" level="INFO">POST Request : url=http://localhost:3000/api/v1/auth/login 
 path_url=/api/v1/auth/login 
 headers={'User-Agent': 'python-requests/2.32.5', 'Accept-Encoding': 'gzip, deflate', 'Accept': '*/*', 'Connection': 'keep-alive', 'Content-Length': '56', 'Content-Type': 'application/json'} 
 body=b'{"email": "test@example.com", "password": "password123"}' 
 </msg>
<msg time="2025-10-09T18:23:44.162465" level="INFO">POST Response : url=http://localhost:3000/api/v1/auth/login 
 status=200, reason=OK 
 headers={'X-Powered-By': 'Express', 'Access-Control-Allow-Origin': '*', 'Content-Type': 'application/json; charset=utf-8', 'Content-Length': '300', 'ETag': 'W/"12c-DK9lEhLY7wtQEq2yrw5/x+nMqt4"', 'Date': 'Thu, 09 Oct 2025 21:23:44 GMT', 'Connection': 'keep-alive', 'Keep-Alive': 'timeout=5'} 
 body={"success":true,"data":{"_id":"68e7f406332ba66a53fe60d9","name":"Test User","email":"test@example.com","role":"user","token":"eyJhbGciOiJIUzI1NiIsInR5cCI6IkpXVCJ9.eyJpZCI6IjY4ZTdmNDA2MzMyYmE2NmE1M2ZlNjBkOSIsImlhdCI6MTc2MDA0NTAyNCwiZXhwIjoxNzYwMTMxNDI0fQ.dBo1y_jCrdF5luwPSZFBd_SVzqPxMO-qTygNPZIn-ZY"}} 
 </msg>
<msg time="2025-10-09T18:23:44.162613" level="INFO">${resp} = &lt;Response [200]&gt;</msg>
<var>${resp}</var>
<arg>cinema</arg>
<arg>/auth/login</arg>
<arg>json=${body}</arg>
<arg>expected_status=any</arg>
<doc>Sends a POST request on a previously created HTTP Session.</doc>
<status status="PASS" start="2025-10-09T18:23:43.962707" elapsed="0.199938"/>
</kw>
<kw name="Should Be Equal As Integers" owner="BuiltIn">
<msg time="2025-10-09T18:23:44.163422" level="INFO">Argument types are:
&lt;class 'int'&gt;
&lt;class 'str'&gt;</msg>
<arg>${resp.status_code}</arg>
<arg>200</arg>
<doc>Fails if objects are unequal after converting them to integers.</doc>
<status status="PASS" start="2025-10-09T18:23:44.162824" elapsed="0.000672"/>
</kw>
<kw name="Extract Token" owner="auth">
<kw name="Set Variable" owner="BuiltIn">
<msg time="2025-10-09T18:23:44.165812" level="INFO">${body} = {'success': True, 'data': {'_id': '68e7f406332ba66a53fe60d9', 'name': 'Test User', 'email': 'test@example.com', 'role': 'user', 'token': 'eyJhbGciOiJIUzI1NiIsInR5cCI6IkpXVCJ9.eyJpZCI6IjY4ZTdmNDA2MzMyY...</msg>
<var>${body}</var>
<arg>${resp.json()}</arg>
<doc>Returns the given values which can then be assigned to a variables.</doc>
<status status="PASS" start="2025-10-09T18:23:44.164334" elapsed="0.001546"/>
</kw>
<kw name="_Extract From Body" owner="auth">
<kw name="Run Keyword And Return If" owner="BuiltIn">
<msg time="2025-10-09T18:23:44.167217" level="INFO">${value} = None</msg>
<var>${value}</var>
<arg>'${key}' in ${body}</arg>
<arg>Set Variable</arg>
<arg>${body['${key}']}</arg>
<doc>Runs the specified keyword and returns from the enclosing user keyword.</doc>
<status status="PASS" start="2025-10-09T18:23:44.166634" elapsed="0.000652"/>
</kw>
<kw name="Run Keyword And Return If" owner="BuiltIn">
<kw name="Set Variable" owner="BuiltIn">
<arg>${body['data']['${key}']}</arg>
<doc>Returns the given values which can then be assigned to a variables.</doc>
<status status="PASS" start="2025-10-09T18:23:44.168380" elapsed="0.000538"/>
</kw>
<msg time="2025-10-09T18:23:44.168989" level="INFO">Returning from the enclosing user keyword.</msg>
<var>${value}</var>
<arg>'data' in ${body} and '${key}' in ${body['data']}</arg>
<arg>Set Variable</arg>
<arg>${body['data']['${key}']}</arg>
<doc>Runs the specified keyword and returns from the enclosing user keyword.</doc>
<status status="PASS" start="2025-10-09T18:23:44.167551" elapsed="0.001517"/>
</kw>
<return>
<value>${value}</value>
<status status="NOT RUN" start="2025-10-09T18:23:44.169163" elapsed="0.000023"/>
</return>
<msg time="2025-10-09T18:23:44.169310" level="INFO">${token} = eyJhbGciOiJIUzI1NiIsInR5cCI6IkpXVCJ9.eyJpZCI6IjY4ZTdmNDA2MzMyYmE2NmE1M2ZlNjBkOSIsImlhdCI6MTc2MDA0NTAyNCwiZXhwIjoxNzYwMTMxNDI0fQ.dBo1y_jCrdF5luwPSZFBd_SVzqPxMO-qTygNPZIn-ZY</msg>
<var>${token}</var>
<arg>${body}</arg>
<arg>token</arg>
<status status="PASS" start="2025-10-09T18:23:44.166146" elapsed="0.003286"/>
</kw>
<kw name="Should Not Be Empty" owner="BuiltIn">
<msg time="2025-10-09T18:23:44.169802" level="INFO">Length is 171.</msg>
<arg>${token}</arg>
<doc>Verifies that the given item is not empty.</doc>
<status status="PASS" start="2025-10-09T18:23:44.169612" elapsed="0.000965"/>
</kw>
<return>
<value>${token}</value>
<status status="PASS" start="2025-10-09T18:23:44.170646" elapsed="0.000040"/>
</return>
<msg time="2025-10-09T18:23:44.170852" level="INFO">${token} = eyJhbGciOiJIUzI1NiIsInR5cCI6IkpXVCJ9.eyJpZCI6IjY4ZTdmNDA2MzMyYmE2NmE1M2ZlNjBkOSIsImlhdCI6MTc2MDA0NTAyNCwiZXhwIjoxNzYwMTMxNDI0fQ.dBo1y_jCrdF5luwPSZFBd_SVzqPxMO-qTygNPZIn-ZY</msg>
<var>${token}</var>
<arg>${resp}</arg>
<status status="PASS" start="2025-10-09T18:23:44.163705" elapsed="0.007182"/>
</kw>
<return>
<value>${token}</value>
<status status="PASS" start="2025-10-09T18:23:44.170939" elapsed="0.000032"/>
</return>
<msg time="2025-10-09T18:23:44.171114" level="INFO">${user_token} = eyJhbGciOiJIUzI1NiIsInR5cCI6IkpXVCJ9.eyJpZCI6IjY4ZTdmNDA2MzMyYmE2NmE1M2ZlNjBkOSIsImlhdCI6MTc2MDA0NTAyNCwiZXhwIjoxNzYwMTMxNDI0fQ.dBo1y_jCrdF5luwPSZFBd_SVzqPxMO-qTygNPZIn-ZY</msg>
<var>${user_token}</var>
<status status="PASS" start="2025-10-09T18:23:43.959089" elapsed="0.212057"/>
</kw>
<kw name="Reservation Seats (Default)" owner="payloads">
<kw name="Seats Unique" owner="payloads">
<kw name="Create List" owner="BuiltIn">
<msg time="2025-10-09T18:23:44.172770" level="INFO">${seats} = []</msg>
<var>${seats}</var>
<doc>Returns a list containing given items.</doc>
<status status="PASS" start="2025-10-09T18:23:44.172374" elapsed="0.000552"/>
</kw>
<kw name="Repeat Keyword" owner="BuiltIn">
<msg time="2025-10-09T18:23:44.173630" level="INFO">Repeating keyword, round 1/2.</msg>
<kw name="Append New Seat" owner="payloads">
<kw name="Next Seat" owner="payloads">
<kw name="Run Keyword And Return Status" owner="BuiltIn">
<kw name="Variable Should Exist" owner="BuiltIn">
<msg time="2025-10-09T18:23:44.176069" level="FAIL">Variable '${SEAT_COUNTER}' does not exist.</msg>
<arg>${SEAT_COUNTER}</arg>
<doc>Fails unless the given variable exists within the current scope.</doc>
<status status="FAIL" start="2025-10-09T18:23:44.174747" elapsed="0.001569">Variable '${SEAT_COUNTER}' does not exist.</status>
</kw>
<msg time="2025-10-09T18:23:44.176450" level="INFO">${exists} = False</msg>
<var>${exists}</var>
<arg>Variable Should Exist</arg>
<arg>${SEAT_COUNTER}</arg>
<doc>Runs the given keyword with given arguments and returns the status as a Boolean value.</doc>
<status status="PASS" start="2025-10-09T18:23:44.174585" elapsed="0.001897"/>
</kw>
<kw name="Run Keyword If" owner="BuiltIn">
<kw name="Set Suite Variable" owner="BuiltIn">
<msg time="2025-10-09T18:23:44.177725" level="INFO">${SEAT_COUNTER} = 0</msg>
<arg>${SEAT_COUNTER}</arg>
<arg>0</arg>
<doc>Makes a variable available everywhere within the scope of the current suite.</doc>
<status status="PASS" start="2025-10-09T18:23:44.176910" elapsed="0.000872"/>
</kw>
<arg>not ${exists}</arg>
<arg>Set Suite Variable</arg>
<arg>${SEAT_COUNTER}</arg>
<arg>0</arg>
<doc>Runs the given keyword with the given arguments, if ``condition`` is true.</doc>
<status status="PASS" start="2025-10-09T18:23:44.176619" elapsed="0.001233"/>
</kw>
<kw name="Create List" owner="BuiltIn">
<msg time="2025-10-09T18:23:44.178148" level="INFO">${rows} = ['A', 'B', 'C', 'D', 'E']</msg>
<var>${rows}</var>
<arg>A</arg>
<arg>B</arg>
<arg>C</arg>
<arg>D</arg>
<arg>E</arg>
<doc>Returns a list containing given items.</doc>
<status status="PASS" start="2025-10-09T18:23:44.177979" elapsed="0.000200"/>
</kw>
<kw name="Evaluate" owner="BuiltIn">
<msg time="2025-10-09T18:23:44.178545" level="INFO">${idx} = 0</msg>
<var>${idx}</var>
<arg>${SEAT_COUNTER} % 5</arg>
<doc>Evaluates the given expression in Python and returns the result.</doc>
<status status="PASS" start="2025-10-09T18:23:44.178311" elapsed="0.000265"/>
</kw>
<kw name="Get From List" owner="Collections">
<msg time="2025-10-09T18:23:44.178919" level="INFO">${row} = A</msg>
<var>${row}</var>
<arg>${rows}</arg>
<arg>${idx}</arg>
<doc>Returns the value specified with an ``index`` from ``list``.</doc>
<status status="PASS" start="2025-10-09T18:23:44.178713" elapsed="0.000236"/>
</kw>
<kw name="Evaluate" owner="BuiltIn">
<msg time="2025-10-09T18:23:44.179318" level="INFO">${number} = 1</msg>
<var>${number}</var>
<arg>1 + (${SEAT_COUNTER} % 30)</arg>
<doc>Evaluates the given expression in Python and returns the result.</doc>
<status status="PASS" start="2025-10-09T18:23:44.179080" elapsed="0.000269"/>
</kw>
<kw name="Make Seat" owner="payloads">
<kw name="Create Dictionary" owner="BuiltIn">
<msg time="2025-10-09T18:23:44.181112" level="INFO">${seat} = {'row': 'A', 'number': 1, 'type': 'full'}</msg>
<var>${seat}</var>
<arg>row=${row}</arg>
<arg>number=${number}</arg>
<arg>type=${type}</arg>
<doc>Creates and returns a dictionary based on the given ``items``.</doc>
<status status="PASS" start="2025-10-09T18:23:44.180067" elapsed="0.001153"/>
</kw>
<return>
<value>${seat}</value>
<status status="PASS" start="2025-10-09T18:23:44.181313" elapsed="0.000050"/>
</return>
<msg time="2025-10-09T18:23:44.181587" level="INFO">${seat} = {'row': 'A', 'number': 1, 'type': 'full'}</msg>
<var>${seat}</var>
<arg>${row}</arg>
<arg>${number}</arg>
<arg>full</arg>
<status status="PASS" start="2025-10-09T18:23:44.179524" elapsed="0.002101"/>
</kw>
<kw name="Evaluate" owner="BuiltIn">
<msg time="2025-10-09T18:23:44.182062" level="INFO">${new} = 1</msg>
<var>${new}</var>
<arg>${SEAT_COUNTER} + 1</arg>
<doc>Evaluates the given expression in Python and returns the result.</doc>
<status status="PASS" start="2025-10-09T18:23:44.181784" elapsed="0.000312"/>
</kw>
<kw name="Set Suite Variable" owner="BuiltIn">
<msg time="2025-10-09T18:23:44.182500" level="INFO">${SEAT_COUNTER} = 1</msg>
<arg>${SEAT_COUNTER}</arg>
<arg>${new}</arg>
<doc>Makes a variable available everywhere within the scope of the current suite.</doc>
<status status="PASS" start="2025-10-09T18:23:44.182236" elapsed="0.000315"/>
</kw>
<return>
<value>${seat}</value>
<status status="PASS" start="2025-10-09T18:23:44.182609" elapsed="0.000034"/>
</return>
<msg time="2025-10-09T18:23:44.182824" level="INFO">${seat} = {'row': 'A', 'number': 1, 'type': 'full'}</msg>
<var>${seat}</var>
<status status="PASS" start="2025-10-09T18:23:44.174320" elapsed="0.008534"/>
</kw>
<kw name="Append To List" owner="Collections">
<arg>${list}</arg>
<arg>${seat}</arg>
<doc>Adds ``values`` to the end of ``list``.</doc>
<status status="PASS" start="2025-10-09T18:23:44.182963" elapsed="0.000169"/>
</kw>
<arg>${seats}</arg>
<status status="PASS" start="2025-10-09T18:23:44.173816" elapsed="0.009472"/>
</kw>
<msg time="2025-10-09T18:23:44.183379" level="INFO">Repeating keyword, round 2/2.</msg>
<kw name="Append New Seat" owner="payloads">
<kw name="Next Seat" owner="payloads">
<kw name="Run Keyword And Return Status" owner="BuiltIn">
<kw name="Variable Should Exist" owner="BuiltIn">
<arg>${SEAT_COUNTER}</arg>
<doc>Fails unless the given variable exists within the current scope.</doc>
<status status="PASS" start="2025-10-09T18:23:44.185862" elapsed="0.000188"/>
</kw>
<msg time="2025-10-09T18:23:44.186186" level="INFO">${exists} = True</msg>
<var>${exists}</var>
<arg>Variable Should Exist</arg>
<arg>${SEAT_COUNTER}</arg>
<doc>Runs the given keyword with given arguments and returns the status as a Boolean value.</doc>
<status status="PASS" start="2025-10-09T18:23:44.185669" elapsed="0.000549"/>
</kw>
<kw name="Run Keyword If" owner="BuiltIn">
<arg>not ${exists}</arg>
<arg>Set Suite Variable</arg>
<arg>${SEAT_COUNTER}</arg>
<arg>0</arg>
<doc>Runs the given keyword with the given arguments, if ``condition`` is true.</doc>
<status status="PASS" start="2025-10-09T18:23:44.186355" elapsed="0.000201"/>
</kw>
<kw name="Create List" owner="BuiltIn">
<msg time="2025-10-09T18:23:44.186939" level="INFO">${rows} = ['A', 'B', 'C', 'D', 'E']</msg>
<var>${rows}</var>
<arg>A</arg>
<arg>B</arg>
<arg>C</arg>
<arg>D</arg>
<arg>E</arg>
<doc>Returns a list containing given items.</doc>
<status status="PASS" start="2025-10-09T18:23:44.186688" elapsed="0.000285"/>
</kw>
<kw name="Evaluate" owner="BuiltIn">
<msg time="2025-10-09T18:23:44.187348" level="INFO">${idx} = 1</msg>
<var>${idx}</var>
<arg>${SEAT_COUNTER} % 5</arg>
<doc>Evaluates the given expression in Python and returns the result.</doc>
<status status="PASS" start="2025-10-09T18:23:44.187111" elapsed="0.000270"/>
</kw>
<kw name="Get From List" owner="Collections">
<msg time="2025-10-09T18:23:44.187725" level="INFO">${row} = B</msg>
<var>${row}</var>
<arg>${rows}</arg>
<arg>${idx}</arg>
<doc>Returns the value specified with an ``index`` from ``list``.</doc>
<status status="PASS" start="2025-10-09T18:23:44.187521" elapsed="0.000236"/>
</kw>
<kw name="Evaluate" owner="BuiltIn">
<msg time="2025-10-09T18:23:44.188113" level="INFO">${number} = 2</msg>
<var>${number}</var>
<arg>1 + (${SEAT_COUNTER} % 30)</arg>
<doc>Evaluates the given expression in Python and returns the result.</doc>
<status status="PASS" start="2025-10-09T18:23:44.187881" elapsed="0.000264"/>
</kw>
<kw name="Make Seat" owner="payloads">
<kw name="Create Dictionary" owner="BuiltIn">
<msg time="2025-10-09T18:23:44.189394" level="INFO">${seat} = {'row': 'B', 'number': 2, 'type': 'full'}</msg>
<var>${seat}</var>
<arg>row=${row}</arg>
<arg>number=${number}</arg>
<arg>type=${type}</arg>
<doc>Creates and returns a dictionary based on the given ``items``.</doc>
<status status="PASS" start="2025-10-09T18:23:44.189033" elapsed="0.000405"/>
</kw>
<return>
<value>${seat}</value>
<status status="PASS" start="2025-10-09T18:23:44.189587" elapsed="0.000051"/>
</return>
<msg time="2025-10-09T18:23:44.189806" level="INFO">${seat} = {'row': 'B', 'number': 2, 'type': 'full'}</msg>
<var>${seat}</var>
<arg>${row}</arg>
<arg>${number}</arg>
<arg>full</arg>
<status status="PASS" start="2025-10-09T18:23:44.188327" elapsed="0.001511"/>
</kw>
<kw name="Evaluate" owner="BuiltIn">
<msg time="2025-10-09T18:23:44.190300" level="INFO">${new} = 2</msg>
<var>${new}</var>
<arg>${SEAT_COUNTER} + 1</arg>
<doc>Evaluates the given expression in Python and returns the result.</doc>
<status status="PASS" start="2025-10-09T18:23:44.190024" elapsed="0.000309"/>
</kw>
<kw name="Set Suite Variable" owner="BuiltIn">
<msg time="2025-10-09T18:23:44.190754" level="INFO">${SEAT_COUNTER} = 2</msg>
<arg>${SEAT_COUNTER}</arg>
<arg>${new}</arg>
<doc>Makes a variable available everywhere within the scope of the current suite.</doc>
<status status="PASS" start="2025-10-09T18:23:44.190491" elapsed="0.000315"/>
</kw>
<return>
<value>${seat}</value>
<status status="PASS" start="2025-10-09T18:23:44.190865" elapsed="0.000054"/>
</return>
<msg time="2025-10-09T18:23:44.191071" level="INFO">${seat} = {'row': 'B', 'number': 2, 'type': 'full'}</msg>
<var>${seat}</var>
<status status="PASS" start="2025-10-09T18:23:44.184824" elapsed="0.006278"/>
</kw>
<kw name="Append To List" owner="Collections">
<arg>${list}</arg>
<arg>${seat}</arg>
<doc>Adds ``values`` to the end of ``list``.</doc>
<status status="PASS" start="2025-10-09T18:23:44.191217" elapsed="0.000169"/>
</kw>
<arg>${seats}</arg>
<status status="PASS" start="2025-10-09T18:23:44.183732" elapsed="0.007726"/>
</kw>
<arg>${qty}</arg>
<arg>Append New Seat</arg>
<arg>${seats}</arg>
<doc>Executes the specified keyword multiple times.</doc>
<status status="PASS" start="2025-10-09T18:23:44.173325" elapsed="0.018183"/>
</kw>
<return>
<value>${seats}</value>
<status status="PASS" start="2025-10-09T18:23:44.191561" elapsed="0.000031"/>
</return>
<msg time="2025-10-09T18:23:44.191736" level="INFO">${seats} = [{'row': 'A', 'number': 1, 'type': 'full'}, {'row': 'B', 'number': 2, 'type': 'full'}]</msg>
<var>${seats}</var>
<arg>2</arg>
<status status="PASS" start="2025-10-09T18:23:44.171949" elapsed="0.019817"/>
</kw>
<return>
<value>${seats}</value>
<status status="PASS" start="2025-10-09T18:23:44.191817" elapsed="0.000030"/>
</return>
<msg time="2025-10-09T18:23:44.191984" level="INFO">${seats} = [{'row': 'A', 'number': 1, 'type': 'full'}, {'row': 'B', 'number': 2, 'type': 'full'}]</msg>
<var>${seats}</var>
<status status="PASS" start="2025-10-09T18:23:44.171531" elapsed="0.020483"/>
</kw>
<kw name="Reservation Payload" owner="payloads">
<if>
<branch type="IF" condition="$seats is None">
<kw name="Reservation Seats (Default)" owner="payloads">
<kw name="Seats Unique" owner="payloads">
<kw name="Create List" owner="BuiltIn">
<msg time="2025-10-09T18:23:44.194275" level="INFO">${seats} = []</msg>
<var>${seats}</var>
<doc>Returns a list containing given items.</doc>
<status status="PASS" start="2025-10-09T18:23:44.194079" elapsed="0.000239"/>
</kw>
<kw name="Repeat Keyword" owner="BuiltIn">
<msg time="2025-10-09T18:23:44.194624" level="INFO">Repeating keyword, round 1/2.</msg>
<kw name="Append New Seat" owner="payloads">
<kw name="Next Seat" owner="payloads">
<kw name="Run Keyword And Return Status" owner="BuiltIn">
<kw name="Variable Should Exist" owner="BuiltIn">
<arg>${SEAT_COUNTER}</arg>
<doc>Fails unless the given variable exists within the current scope.</doc>
<status status="PASS" start="2025-10-09T18:23:44.195601" elapsed="0.000180"/>
</kw>
<msg time="2025-10-09T18:23:44.195883" level="INFO">${exists} = True</msg>
<var>${exists}</var>
<arg>Variable Should Exist</arg>
<arg>${SEAT_COUNTER}</arg>
<doc>Runs the given keyword with given arguments and returns the status as a Boolean value.</doc>
<status status="PASS" start="2025-10-09T18:23:44.195446" elapsed="0.000466"/>
</kw>
<kw name="Run Keyword If" owner="BuiltIn">
<arg>not ${exists}</arg>
<arg>Set Suite Variable</arg>
<arg>${SEAT_COUNTER}</arg>
<arg>0</arg>
<doc>Runs the given keyword with the given arguments, if ``condition`` is true.</doc>
<status status="PASS" start="2025-10-09T18:23:44.196043" elapsed="0.000175"/>
</kw>
<kw name="Create List" owner="BuiltIn">
<msg time="2025-10-09T18:23:44.196531" level="INFO">${rows} = ['A', 'B', 'C', 'D', 'E']</msg>
<var>${rows}</var>
<arg>A</arg>
<arg>B</arg>
<arg>C</arg>
<arg>D</arg>
<arg>E</arg>
<doc>Returns a list containing given items.</doc>
<status status="PASS" start="2025-10-09T18:23:44.196365" elapsed="0.000198"/>
</kw>
<kw name="Evaluate" owner="BuiltIn">
<msg time="2025-10-09T18:23:44.197219" level="INFO">${idx} = 2</msg>
<var>${idx}</var>
<arg>${SEAT_COUNTER} % 5</arg>
<doc>Evaluates the given expression in Python and returns the result.</doc>
<status status="PASS" start="2025-10-09T18:23:44.196889" elapsed="0.000365"/>
</kw>
<kw name="Get From List" owner="Collections">
<msg time="2025-10-09T18:23:44.197590" level="INFO">${row} = C</msg>
<var>${row}</var>
<arg>${rows}</arg>
<arg>${idx}</arg>
<doc>Returns the value specified with an ``index`` from ``list``.</doc>
<status status="PASS" start="2025-10-09T18:23:44.197386" elapsed="0.000235"/>
</kw>
<kw name="Evaluate" owner="BuiltIn">
<msg time="2025-10-09T18:23:44.198000" level="INFO">${number} = 3</msg>
<var>${number}</var>
<arg>1 + (${SEAT_COUNTER} % 30)</arg>
<doc>Evaluates the given expression in Python and returns the result.</doc>
<status status="PASS" start="2025-10-09T18:23:44.197747" elapsed="0.000286"/>
</kw>
<kw name="Make Seat" owner="payloads">
<kw name="Create Dictionary" owner="BuiltIn">
<msg time="2025-10-09T18:23:44.198951" level="INFO">${seat} = {'row': 'C', 'number': 3, 'type': 'full'}</msg>
<var>${seat}</var>
<arg>row=${row}</arg>
<arg>number=${number}</arg>
<arg>type=${type}</arg>
<doc>Creates and returns a dictionary based on the given ``items``.</doc>
<status status="PASS" start="2025-10-09T18:23:44.198602" elapsed="0.000384"/>
</kw>
<return>
<value>${seat}</value>
<status status="PASS" start="2025-10-09T18:23:44.199053" elapsed="0.000044"/>
</return>
<msg time="2025-10-09T18:23:44.199259" level="INFO">${seat} = {'row': 'C', 'number': 3, 'type': 'full'}</msg>
<var>${seat}</var>
<arg>${row}</arg>
<arg>${number}</arg>
<arg>full</arg>
<status status="PASS" start="2025-10-09T18:23:44.198214" elapsed="0.001214"/>
</kw>
<kw name="Evaluate" owner="BuiltIn">
<msg time="2025-10-09T18:23:44.199871" level="INFO">${new} = 3</msg>
<var>${new}</var>
<arg>${SEAT_COUNTER} + 1</arg>
<doc>Evaluates the given expression in Python and returns the result.</doc>
<status status="PASS" start="2025-10-09T18:23:44.199575" elapsed="0.000341"/>
</kw>
<kw name="Set Suite Variable" owner="BuiltIn">
<msg time="2025-10-09T18:23:44.200993" level="INFO">${SEAT_COUNTER} = 3</msg>
<arg>${SEAT_COUNTER}</arg>
<arg>${new}</arg>
<doc>Makes a variable available everywhere within the scope of the current suite.</doc>
<status status="PASS" start="2025-10-09T18:23:44.200327" elapsed="0.000788"/>
</kw>
<return>
<value>${seat}</value>
<status status="PASS" start="2025-10-09T18:23:44.201209" elapsed="0.000052"/>
</return>
<msg time="2025-10-09T18:23:44.201469" level="INFO">${seat} = {'row': 'C', 'number': 3, 'type': 'full'}</msg>
<var>${seat}</var>
<status status="PASS" start="2025-10-09T18:23:44.195195" elapsed="0.006328"/>
</kw>
<kw name="Append To List" owner="Collections">
<arg>${list}</arg>
<arg>${seat}</arg>
<doc>Adds ``values`` to the end of ``list``.</doc>
<status status="PASS" start="2025-10-09T18:23:44.202089" elapsed="0.000254"/>
</kw>
<arg>${seats}</arg>
<status status="PASS" start="2025-10-09T18:23:44.194798" elapsed="0.007627"/>
</kw>
<msg time="2025-10-09T18:23:44.202475" level="INFO">Repeating keyword, round 2/2.</msg>
<kw name="Append New Seat" owner="payloads">
<kw name="Next Seat" owner="payloads">
<kw name="Run Keyword And Return Status" owner="BuiltIn">
<kw name="Variable Should Exist" owner="BuiltIn">
<arg>${SEAT_COUNTER}</arg>
<doc>Fails unless the given variable exists within the current scope.</doc>
<status status="PASS" start="2025-10-09T18:23:44.203489" elapsed="0.000207"/>
</kw>
<msg time="2025-10-09T18:23:44.203819" level="INFO">${exists} = True</msg>
<var>${exists}</var>
<arg>Variable Should Exist</arg>
<arg>${SEAT_COUNTER}</arg>
<doc>Runs the given keyword with given arguments and returns the status as a Boolean value.</doc>
<status status="PASS" start="2025-10-09T18:23:44.203319" elapsed="0.000585"/>
</kw>
<kw name="Run Keyword If" owner="BuiltIn">
<arg>not ${exists}</arg>
<arg>Set Suite Variable</arg>
<arg>${SEAT_COUNTER}</arg>
<arg>0</arg>
<doc>Runs the given keyword with the given arguments, if ``condition`` is true.</doc>
<status status="PASS" start="2025-10-09T18:23:44.204095" elapsed="0.000279"/>
</kw>
<kw name="Create List" owner="BuiltIn">
<msg time="2025-10-09T18:23:44.204789" level="INFO">${rows} = ['A', 'B', 'C', 'D', 'E']</msg>
<var>${rows}</var>
<arg>A</arg>
<arg>B</arg>
<arg>C</arg>
<arg>D</arg>
<arg>E</arg>
<doc>Returns a list containing given items.</doc>
<status status="PASS" start="2025-10-09T18:23:44.204578" elapsed="0.000245"/>
</kw>
<kw name="Evaluate" owner="BuiltIn">
<msg time="2025-10-09T18:23:44.205397" level="INFO">${idx} = 3</msg>
<var>${idx}</var>
<arg>${SEAT_COUNTER} % 5</arg>
<doc>Evaluates the given expression in Python and returns the result.</doc>
<status status="PASS" start="2025-10-09T18:23:44.204969" elapsed="0.000464"/>
</kw>
<kw name="Get From List" owner="Collections">
<msg time="2025-10-09T18:23:44.205779" level="INFO">${row} = D</msg>
<var>${row}</var>
<arg>${rows}</arg>
<arg>${idx}</arg>
<doc>Returns the value specified with an ``index`` from ``list``.</doc>
<status status="PASS" start="2025-10-09T18:23:44.205568" elapsed="0.000242"/>
</kw>
<kw name="Evaluate" owner="BuiltIn">
<msg time="2025-10-09T18:23:44.206192" level="INFO">${number} = 4</msg>
<var>${number}</var>
<arg>1 + (${SEAT_COUNTER} % 30)</arg>
<doc>Evaluates the given expression in Python and returns the result.</doc>
<status status="PASS" start="2025-10-09T18:23:44.205954" elapsed="0.000270"/>
</kw>
<kw name="Make Seat" owner="payloads">
<kw name="Create Dictionary" owner="BuiltIn">
<msg time="2025-10-09T18:23:44.207165" level="INFO">${seat} = {'row': 'D', 'number': 4, 'type': 'full'}</msg>
<var>${seat}</var>
<arg>row=${row}</arg>
<arg>number=${number}</arg>
<arg>type=${type}</arg>
<doc>Creates and returns a dictionary based on the given ``items``.</doc>
<status status="PASS" start="2025-10-09T18:23:44.206790" elapsed="0.000409"/>
</kw>
<return>
<value>${seat}</value>
<status status="PASS" start="2025-10-09T18:23:44.207267" elapsed="0.000039"/>
</return>
<msg time="2025-10-09T18:23:44.207451" level="INFO">${seat} = {'row': 'D', 'number': 4, 'type': 'full'}</msg>
<var>${seat}</var>
<arg>${row}</arg>
<arg>${number}</arg>
<arg>full</arg>
<status status="PASS" start="2025-10-09T18:23:44.206406" elapsed="0.001075"/>
</kw>
<kw name="Evaluate" owner="BuiltIn">
<msg time="2025-10-09T18:23:44.207834" level="INFO">${new} = 4</msg>
<var>${new}</var>
<arg>${SEAT_COUNTER} + 1</arg>
<doc>Evaluates the given expression in Python and returns the result.</doc>
<status status="PASS" start="2025-10-09T18:23:44.207608" elapsed="0.000257"/>
</kw>
<kw name="Set Suite Variable" owner="BuiltIn">
<msg time="2025-10-09T18:23:44.208271" level="INFO">${SEAT_COUNTER} = 4</msg>
<arg>${SEAT_COUNTER}</arg>
<arg>${new}</arg>
<doc>Makes a variable available everywhere within the scope of the current suite.</doc>
<status status="PASS" start="2025-10-09T18:23:44.207993" elapsed="0.000330"/>
</kw>
<return>
<value>${seat}</value>
<status status="PASS" start="2025-10-09T18:23:44.208381" elapsed="0.000033"/>
</return>
<msg time="2025-10-09T18:23:44.208563" level="INFO">${seat} = {'row': 'D', 'number': 4, 'type': 'full'}</msg>
<var>${seat}</var>
<status status="PASS" start="2025-10-09T18:23:44.203054" elapsed="0.005539"/>
</kw>
<kw name="Append To List" owner="Collections">
<arg>${list}</arg>
<arg>${seat}</arg>
<doc>Adds ``values`` to the end of ``list``.</doc>
<status status="PASS" start="2025-10-09T18:23:44.208707" elapsed="0.000165"/>
</kw>
<arg>${seats}</arg>
<status status="PASS" start="2025-10-09T18:23:44.202648" elapsed="0.006293"/>
</kw>
<arg>${qty}</arg>
<arg>Append New Seat</arg>
<arg>${seats}</arg>
<doc>Executes the specified keyword multiple times.</doc>
<status status="PASS" start="2025-10-09T18:23:44.194476" elapsed="0.014515"/>
</kw>
<return>
<value>${seats}</value>
<status status="PASS" start="2025-10-09T18:23:44.209085" elapsed="0.000033"/>
</return>
<msg time="2025-10-09T18:23:44.209259" level="INFO">${seats} = [{'row': 'C', 'number': 3, 'type': 'full'}, {'row': 'D', 'number': 4, 'type': 'full'}]</msg>
<var>${seats}</var>
<arg>2</arg>
<status status="PASS" start="2025-10-09T18:23:44.193738" elapsed="0.015552"/>
</kw>
<return>
<value>${seats}</value>
<status status="PASS" start="2025-10-09T18:23:44.209341" elapsed="0.000029"/>
</return>
<msg time="2025-10-09T18:23:44.209579" level="INFO">${seats} = [{'row': 'C', 'number': 3, 'type': 'full'}, {'row': 'D', 'number': 4, 'type': 'full'}]</msg>
<var>${seats}</var>
<status status="PASS" start="2025-10-09T18:23:44.193385" elapsed="0.016231"/>
</kw>
<status status="PASS" start="2025-10-09T18:23:44.193020" elapsed="0.016661"/>
</branch>
<status status="PASS" start="2025-10-09T18:23:44.192982" elapsed="0.016766"/>
</if>
<kw name="Create Dictionary" owner="BuiltIn">
<msg time="2025-10-09T18:23:44.210232" level="INFO">${body} = {'session': '68e81126aad0b0d70a387eaf', 'seats': [{'row': 'C', 'number': 3, 'type': 'full'}, {'row': 'D', 'number': 4, 'type': 'full'}], 'paymentMethod': 'credit_card'}</msg>
<var>${body}</var>
<arg>session=${session_id}</arg>
<arg>seats=${seats}</arg>
<arg>paymentMethod=${payment_method}</arg>
<doc>Creates and returns a dictionary based on the given ``items``.</doc>
<status status="PASS" start="2025-10-09T18:23:44.209885" elapsed="0.000382"/>
</kw>
<kw name="Set Suite Variable" owner="BuiltIn">
<msg time="2025-10-09T18:23:44.211291" level="INFO">${LAST_SEATS} = [{'row': 'C', 'number': 3, 'type': 'full'}, {'row': 'D', 'number': 4, 'type': 'full'}]</msg>
<arg>${LAST_SEATS}</arg>
<arg>${seats}</arg>
<doc>Makes a variable available everywhere within the scope of the current suite.</doc>
<status status="PASS" start="2025-10-09T18:23:44.210407" elapsed="0.000942"/>
</kw>
<return>
<value>${body}</value>
<status status="PASS" start="2025-10-09T18:23:44.211482" elapsed="0.000037"/>
</return>
<msg time="2025-10-09T18:23:44.211689" level="INFO">${payload} = {'session': '68e81126aad0b0d70a387eaf', 'seats': [{'row': 'C', 'number': 3, 'type': 'full'}, {'row': 'D', 'number': 4, 'type': 'full'}], 'paymentMethod': 'credit_card'}</msg>
<var>${payload}</var>
<arg>${TEST_SESSION_ID}</arg>
<status status="PASS" start="2025-10-09T18:23:44.192503" elapsed="0.019220"/>
</kw>
<kw name="Header With Token" owner="env">
<kw name="Create Dictionary" owner="BuiltIn">
<msg time="2025-10-09T18:23:44.213659" level="INFO">${headers} = {'Authorization': 'Bearer eyJhbGciOiJIUzI1NiIsInR5cCI6IkpXVCJ9.eyJpZCI6IjY4ZTdmNDA2MzMyYmE2NmE1M2ZlNjBkOSIsImlhdCI6MTc2MDA0NTAyNCwiZXhwIjoxNzYwMTMxNDI0fQ.dBo1y_jCrdF5luwPSZFBd_SVzqPxMO-qTygNPZIn-ZY', ...</msg>
<var>${headers}</var>
<arg>Authorization=Bearer ${token}</arg>
<arg>Content-Type=application/json</arg>
<arg>Accept=application/json</arg>
<doc>Creates and returns a dictionary based on the given ``items``.</doc>
<status status="PASS" start="2025-10-09T18:23:44.212453" elapsed="0.001255"/>
</kw>
<return>
<value>${headers}</value>
<status status="PASS" start="2025-10-09T18:23:44.213787" elapsed="0.000044"/>
</return>
<msg time="2025-10-09T18:23:44.214031" level="INFO">${headers} = {'Authorization': 'Bearer eyJhbGciOiJIUzI1NiIsInR5cCI6IkpXVCJ9.eyJpZCI6IjY4ZTdmNDA2MzMyYmE2NmE1M2ZlNjBkOSIsImlhdCI6MTc2MDA0NTAyNCwiZXhwIjoxNzYwMTMxNDI0fQ.dBo1y_jCrdF5luwPSZFBd_SVzqPxMO-qTygNPZIn-ZY', ...</msg>
<var>${headers}</var>
<arg>${USER_TOKEN}</arg>
<status status="PASS" start="2025-10-09T18:23:44.212082" elapsed="0.001984"/>
</kw>
<kw name="POST On Session" owner="RequestsLibrary">
<msg time="2025-10-09T18:23:44.955965" level="INFO">POST Request : url=http://localhost:3000/api/v1/reservations 
 path_url=/api/v1/reservations 
 headers={'User-Agent': 'python-requests/2.32.5', 'Accept-Encoding': 'gzip, deflate', 'Accept': 'application/json', 'Connection': 'keep-alive', 'Authorization': 'Bearer eyJhbGciOiJIUzI1NiIsInR5cCI6IkpXVCJ9.eyJpZCI6IjY4ZTdmNDA2MzMyYmE2NmE1M2ZlNjBkOSIsImlhdCI6MTc2MDA0NTAyNCwiZXhwIjoxNzYwMTMxNDI0fQ.dBo1y_jCrdF5luwPSZFBd_SVzqPxMO-qTygNPZIn-ZY', 'Content-Type': 'application/json', 'Content-Length': '168'} 
 body=b'{"session": "68e81126aad0b0d70a387eaf", "seats": [{"row": "C", "number": 3, "type": "full"}, {"row": "D", "number": 4, "type": "full"}], "paymentMethod": "credit_card"}' 
 </msg>
<msg time="2025-10-09T18:23:44.956065" level="INFO">POST Response : url=http://localhost:3000/api/v1/reservations 
 status=201, reason=Created 
 headers={'X-Powered-By': 'Express', 'Access-Control-Allow-Origin': '*', 'Content-Type': 'application/json; charset=utf-8', 'Content-Length': '6172', 'ETag': 'W/"181c-72yK+UBHodErCeg3L0cpQmAzFUg"', 'Date': 'Thu, 09 Oct 2025 21:23:44 GMT', 'Connection': 'keep-alive', 'Keep-Alive': 'timeout=5'} 
 body={"success":true,"data":{"user":"68e7f406332ba66a53fe60d9","session":{"_id":"68e81126aad0b0d70a387eaf","movie":{"_id":"68e81125aad0b0d70a387e9a","title":"The Matrix","poster":"matrix.jpg","id":"68e81125aad0b0d70a387e9a"},"theater":{"_id":"68e7f2d979e540f75211b23e","name":"Theater 1","id":"68e7f2d979e540f75211b23e"},"datetime":"2025-10-09T15:00:00.000Z","fullPrice":21,"halfPrice":9.5,"seats":[{"row":"A","number":1,"status":"occupied"},{"row":"A","number":2,"status":"available"},{"row":"A","number":3,"status":"available"},{"row":"A","number":4,"status":"available"},{"row":"A","number":5,"status":"available"},{"row":"A","number":6,"status":"available"},{"row":"A","number":7,"status":"available"},{"row":"A","number":8,"status":"available"},{"row":"A","number":9,"status":"available"},{"row":"A","number":10,"status":"available"},{"row":"A","number":11,"status":"occupied"},{"row":"A","number":12,"status":"available"},{"row":"A","number":13,"status":"available"},{"row":"A","number":14,"status":"available"},{"row":"A","number":15,"status":"available"},{"row":"B","number":1,"status":"available"},{"row":"B","number":2,"status":"occupied"},{"row":"B","number":3,"status":"available"},{"row":"B","number":4,"status":"available"},{"row":"B","number":5,"status":"available"},{"row":"B","number":6,"status":"available"},{"row":"B","number":7,"status":"occupied"},{"row":"B","number":8,"status":"available"},{"row":"B","number":9,"status":"available"},{"row":"B","number":10,"status":"available"},{"row":"B","number":11,"status":"available"},{"row":"B","number":12,"status":"occupied"},{"row":"B","number":13,"status":"available"},{"row":"B","number":14,"status":"available"},{"row":"B","number":15,"status":"available"},{"row":"C","number":1,"status":"available"},{"row":"C","number":2,"status":"available"},{"row":"C","number":3,"status":"occupied"},{"row":"C","number":4,"status":"available"},{"row":"C","number":5,"status":"available"},{"row":"C","number":6,"status":"available"},{"row":"C","number":7,"status":"available"},{"row":"C","number":8,"status":"occupied"},{"row":"C","number":9,"status":"available"},{"row":"C","number":10,"status":"available"},{"row":"C","number":11,"status":"available"},{"row":"C","number":12,"status":"available"},{"row":"C","number":13,"status":"available"},{"row":"C","number":14,"status":"available"},{"row":"C","number":15,"status":"available"},{"row":"D","number":1,"status":"available"},{"row":"D","number":2,"status":"available"},{"row":"D","number":3,"status":"available"},{"row":"D","number":4,"status":"occupied"},{"row":"D","number":5,"status":"available"},{"row":"D","number":6,"status":"available"},{"row":"D","number":7,"status":"available"},{"row":"D","number":8,"status":"available"},{"row":"D","number":9,"status":"occupied"},{"row":"D","number":10,"status":"available"},{"row":"D","number":11,"status":"available"},{"row":"D","number":12,"status":"available"},{"row":"D","number":13,"status":"available"},{"row":"D","number":14,"status":"available"},{"row":"D","number":15,"status":"available"},{"row":"E","number":1,"status":"available"},{"row":"E","number":2,"status":"available"},{"row":"E","number":3,"status":"available"},{"row":"E","number":4,"status":"available"},{"row":"E","number":5,"status":"available"},{"row":"E","number":6,"status":"available"},{"row":"E","number":7,"status":"available"},{"row":"E","number":8,"status":"available"},{"row":"E","number":9,"status":"available"},{"row":"E","number":10,"status":"occupied"},{"row":"E","number":11,"status":"available"},{"row":"E","number":12,"status":"available"},{"row":"E","number":13,"status":"available"},{"row":"E","number":14,"status":"available"},{"row":"E","number":15,"status":"available"},{"row":"F","number":1,"status":"available"},{"row":"F","number":2,"status":"available"},{"row":"F","number":3,"status":"available"},{"row":"F","number":4,"status":"available"},{"row":"F","number":5,"status":"available"},{"row":"F","number":6,"status":"available"},{"row":"F","number":7,"status":"available"},{"row":"F","number":8,"status":"available"},{"row":"F","number":9,"status":"available"},{"row":"F","number":10,"status":"available"},{"row":"F","number":11,"status":"available"},{"row":"F","number":12,"status":"available"},{"row":"F","number":13,"status":"available"},{"row":"F","number":14,"status":"available"},{"row":"F","number":15,"status":"available"},{"row":"G","number":1,"status":"available"},{"row":"G","number":2,"status":"available"},{"row":"G","number":3,"status":"available"},{"row":"G","number":4,"status":"available"},{"row":"G","number":5,"status":"available"},{"row":"G","number":6,"status":"available"},{"row":"G","number":7,"status":"available"},{"row":"G","number":8,"status":"available"},{"row":"G","number":9,"status":"available"},{"row":"G","number":10,"status":"available"},{"row":"G","number":11,"status":"available"},{"row":"G","number":12,"status":"available"},{"row":"G","number":13,"status":"available"},{"row":"G","number":14,"status":"available"},{"row":"G","number":15,"status":"available"},{"row":"H","number":1,"status":"available"},{"row":"H","number":2,"status":"available"},{"row":"H","number":3,"status":"available"},{"row":"H","number":4,"status":"available"},{"row":"H","number":5,"status":"available"},{"row":"H","number":6,"status":"available"},{"row":"H","number":7,"status":"available"},{"row":"H","number":8,"status":"available"},{"row":"H","number":9,"status":"available"},{"row":"H","number":10,"status":"available"},{"row":"H","number":11,"status":"available"},{"row":"H","number":12,"status":"available"},{"row":"H","number":13,"status":"available"},{"row":"H","number":14,"status":"available"},{"row":"H","number":15,"status":"available"}],"createdAt":"2025-10-09T19:46:46.461Z","__v":0,"updatedAt":"2025-10-09T21:23:44.406Z","id":"68e81126aad0b0d70a387eaf"},"seats":[{"row":"C","number":3,"type":"full"},{"row":"D","number":4,"type":"full"}],"totalPrice":42,"status":"confirmed","paymentStatus":"completed","paymentMethod":"credit_card","paymentDate":"2025-10-09T21:23:44.332Z","_id":"68e827e08a6fd548e9063e94","createdAt":"2025-10-09T21:23:44.333Z","updatedAt":"2025-10-09T21:23:44.333Z","__v":0}} 
 </msg>
<msg time="2025-10-09T18:23:44.956348" level="INFO">${resp} = &lt;Response [201]&gt;</msg>
<var>${resp}</var>
<arg>cinema</arg>
<arg>/reservations</arg>
<arg>headers=${headers}</arg>
<arg>json=${payload}</arg>
<arg>expected_status=any</arg>
<doc>Sends a POST request on a previously created HTTP Session.</doc>
<status status="PASS" start="2025-10-09T18:23:44.214393" elapsed="0.741992"/>
</kw>
<kw name="Should Be Equal As Integers" owner="BuiltIn">
<msg time="2025-10-09T18:23:44.957571" level="INFO">Argument types are:
&lt;class 'int'&gt;
&lt;class 'str'&gt;</msg>
<arg>${resp.status_code}</arg>
<arg>201</arg>
<doc>Fails if objects are unequal after converting them to integers.</doc>
<status status="PASS" start="2025-10-09T18:23:44.956798" elapsed="0.000871"/>
</kw>
<kw name="Set Variable" owner="BuiltIn">
<msg time="2025-10-09T18:23:44.959422" level="INFO">${body} = {'success': True, 'data': {'user': '68e7f406332ba66a53fe60d9', 'session': {'_id': '68e81126aad0b0d70a387eaf', 'movie': {'_id': '68e81125aad0b0d70a387e9a', 'title': 'The Matrix', 'poster': 'matrix.jpg'...</msg>
<var>${body}</var>
<arg>${resp.json()}</arg>
<doc>Returns the given values which can then be assigned to a variables.</doc>
<status status="PASS" start="2025-10-09T18:23:44.958148" elapsed="0.001354"/>
</kw>
<kw name="Set Suite Variable" owner="BuiltIn">
<msg time="2025-10-09T18:23:44.961281" level="INFO">${LAST_RES_ID} = 68e827e08a6fd548e9063e94</msg>
<arg>${LAST_RES_ID}</arg>
<arg>${body['data']['_id']}</arg>
<doc>Makes a variable available everywhere within the scope of the current suite.</doc>
<status status="PASS" start="2025-10-09T18:23:44.959927" elapsed="0.001434"/>
</kw>
<kw name="Set Suite Variable" owner="BuiltIn">
<msg time="2025-10-09T18:23:44.961973" level="INFO">${LAST_SEATS} = [{'row': 'A', 'number': 1, 'type': 'full'}, {'row': 'B', 'number': 2, 'type': 'full'}]</msg>
<arg>${LAST_SEATS}</arg>
<arg>${seats}</arg>
<doc>Makes a variable available everywhere within the scope of the current suite.</doc>
<status status="PASS" start="2025-10-09T18:23:44.961738" elapsed="0.000291"/>
</kw>
<status status="PASS" start="2025-10-09T18:23:43.957872" elapsed="1.004677"/>
</test>
<test id="s1-t4" name="CT04:Criar reserva - assentos já ocupados ou inválidos (400)" line="35">
<kw name="Login As User" owner="auth">
<kw name="Create API Session" owner="env">
<kw name="Create Session" owner="RequestsLibrary">
<msg time="2025-10-09T18:23:44.964929" level="INFO">Creating Session using : alias=cinema, url=http://localhost:3000/api/v1, headers={},                     cookies={}, auth=None, timeout=None, proxies=None, verify=False,                     debug=0 </msg>
<arg>cinema</arg>
<arg>${BASE_URL}</arg>
<arg>disable_warnings=1</arg>
<doc>Create Session: create a HTTP session to a server</doc>
<status status="PASS" start="2025-10-09T18:23:44.964623" elapsed="0.000514"/>
</kw>
<status status="PASS" start="2025-10-09T18:23:44.964195" elapsed="0.001053"/>
</kw>
<kw name="Create Dictionary" owner="BuiltIn">
<msg time="2025-10-09T18:23:44.965689" level="INFO">${body} = {'email': 'test@example.com', 'password': 'password123'}</msg>
<var>${body}</var>
<arg>email=${USER_EMAIL}</arg>
<arg>password=${USER_PASS}</arg>
<doc>Creates and returns a dictionary based on the given ``items``.</doc>
<status status="PASS" start="2025-10-09T18:23:44.965377" elapsed="0.000346"/>
</kw>
<kw name="POST On Session" owner="RequestsLibrary">
<msg time="2025-10-09T18:23:45.146079" level="INFO">POST Request : url=http://localhost:3000/api/v1/auth/login 
 path_url=/api/v1/auth/login 
 headers={'User-Agent': 'python-requests/2.32.5', 'Accept-Encoding': 'gzip, deflate', 'Accept': '*/*', 'Connection': 'keep-alive', 'Content-Length': '56', 'Content-Type': 'application/json'} 
 body=b'{"email": "test@example.com", "password": "password123"}' 
 </msg>
<msg time="2025-10-09T18:23:45.146171" level="INFO">POST Response : url=http://localhost:3000/api/v1/auth/login 
 status=200, reason=OK 
 headers={'X-Powered-By': 'Express', 'Access-Control-Allow-Origin': '*', 'Content-Type': 'application/json; charset=utf-8', 'Content-Length': '300', 'ETag': 'W/"12c-Sor4C9fdy7lZm13jtzaomUiwlE0"', 'Date': 'Thu, 09 Oct 2025 21:23:45 GMT', 'Connection': 'keep-alive', 'Keep-Alive': 'timeout=5'} 
 body={"success":true,"data":{"_id":"68e7f406332ba66a53fe60d9","name":"Test User","email":"test@example.com","role":"user","token":"eyJhbGciOiJIUzI1NiIsInR5cCI6IkpXVCJ9.eyJpZCI6IjY4ZTdmNDA2MzMyYmE2NmE1M2ZlNjBkOSIsImlhdCI6MTc2MDA0NTAyNSwiZXhwIjoxNzYwMTMxNDI1fQ.R0OoCJWLsBlDl_VFxGrP4p5pdKwx3uhghxbpy9qx3Vw"}} 
 </msg>
<msg time="2025-10-09T18:23:45.146314" level="INFO">${resp} = &lt;Response [200]&gt;</msg>
<var>${resp}</var>
<arg>cinema</arg>
<arg>/auth/login</arg>
<arg>json=${body}</arg>
<arg>expected_status=any</arg>
<doc>Sends a POST request on a previously created HTTP Session.</doc>
<status status="PASS" start="2025-10-09T18:23:44.965852" elapsed="0.180495"/>
</kw>
<kw name="Should Be Equal As Integers" owner="BuiltIn">
<msg time="2025-10-09T18:23:45.147125" level="INFO">Argument types are:
&lt;class 'int'&gt;
&lt;class 'str'&gt;</msg>
<arg>${resp.status_code}</arg>
<arg>200</arg>
<doc>Fails if objects are unequal after converting them to integers.</doc>
<status status="PASS" start="2025-10-09T18:23:45.146537" elapsed="0.000666"/>
</kw>
<kw name="Extract Token" owner="auth">
<kw name="Set Variable" owner="BuiltIn">
<msg time="2025-10-09T18:23:45.148337" level="INFO">${body} = {'success': True, 'data': {'_id': '68e7f406332ba66a53fe60d9', 'name': 'Test User', 'email': 'test@example.com', 'role': 'user', 'token': 'eyJhbGciOiJIUzI1NiIsInR5cCI6IkpXVCJ9.eyJpZCI6IjY4ZTdmNDA2MzMyY...</msg>
<var>${body}</var>
<arg>${resp.json()}</arg>
<doc>Returns the given values which can then be assigned to a variables.</doc>
<status status="PASS" start="2025-10-09T18:23:45.147758" elapsed="0.000616"/>
</kw>
<kw name="_Extract From Body" owner="auth">
<kw name="Run Keyword And Return If" owner="BuiltIn">
<msg time="2025-10-09T18:23:45.149174" level="INFO">${value} = None</msg>
<var>${value}</var>
<arg>'${key}' in ${body}</arg>
<arg>Set Variable</arg>
<arg>${body['${key}']}</arg>
<doc>Runs the specified keyword and returns from the enclosing user keyword.</doc>
<status status="PASS" start="2025-10-09T18:23:45.148872" elapsed="0.000337"/>
</kw>
<kw name="Run Keyword And Return If" owner="BuiltIn">
<kw name="Set Variable" owner="BuiltIn">
<arg>${body['data']['${key}']}</arg>
<doc>Returns the given values which can then be assigned to a variables.</doc>
<status status="PASS" start="2025-10-09T18:23:45.150600" elapsed="0.000695"/>
</kw>
<msg time="2025-10-09T18:23:45.151372" level="INFO">Returning from the enclosing user keyword.</msg>
<var>${value}</var>
<arg>'data' in ${body} and '${key}' in ${body['data']}</arg>
<arg>Set Variable</arg>
<arg>${body['data']['${key}']}</arg>
<doc>Runs the specified keyword and returns from the enclosing user keyword.</doc>
<status status="PASS" start="2025-10-09T18:23:45.149350" elapsed="0.002095"/>
</kw>
<return>
<value>${value}</value>
<status status="NOT RUN" start="2025-10-09T18:23:45.151515" elapsed="0.000023"/>
</return>
<msg time="2025-10-09T18:23:45.151675" level="INFO">${token} = eyJhbGciOiJIUzI1NiIsInR5cCI6IkpXVCJ9.eyJpZCI6IjY4ZTdmNDA2MzMyYmE2NmE1M2ZlNjBkOSIsImlhdCI6MTc2MDA0NTAyNSwiZXhwIjoxNzYwMTMxNDI1fQ.R0OoCJWLsBlDl_VFxGrP4p5pdKwx3uhghxbpy9qx3Vw</msg>
<var>${token}</var>
<arg>${body}</arg>
<arg>token</arg>
<status status="PASS" start="2025-10-09T18:23:45.148555" elapsed="0.003152"/>
</kw>
<kw name="Should Not Be Empty" owner="BuiltIn">
<msg time="2025-10-09T18:23:45.151979" level="INFO">Length is 171.</msg>
<arg>${token}</arg>
<doc>Verifies that the given item is not empty.</doc>
<status status="PASS" start="2025-10-09T18:23:45.151836" elapsed="0.000209"/>
</kw>
<return>
<value>${token}</value>
<status status="PASS" start="2025-10-09T18:23:45.152101" elapsed="0.000034"/>
</return>
<msg time="2025-10-09T18:23:45.152276" level="INFO">${token} = eyJhbGciOiJIUzI1NiIsInR5cCI6IkpXVCJ9.eyJpZCI6IjY4ZTdmNDA2MzMyYmE2NmE1M2ZlNjBkOSIsImlhdCI6MTc2MDA0NTAyNSwiZXhwIjoxNzYwMTMxNDI1fQ.R0OoCJWLsBlDl_VFxGrP4p5pdKwx3uhghxbpy9qx3Vw</msg>
<var>${token}</var>
<arg>${resp}</arg>
<status status="PASS" start="2025-10-09T18:23:45.147414" elapsed="0.004966"/>
</kw>
<return>
<value>${token}</value>
<status status="PASS" start="2025-10-09T18:23:45.152437" elapsed="0.000031"/>
</return>
<msg time="2025-10-09T18:23:45.152607" level="INFO">${user_token} = eyJhbGciOiJIUzI1NiIsInR5cCI6IkpXVCJ9.eyJpZCI6IjY4ZTdmNDA2MzMyYmE2NmE1M2ZlNjBkOSIsImlhdCI6MTc2MDA0NTAyNSwiZXhwIjoxNzYwMTMxNDI1fQ.R0OoCJWLsBlDl_VFxGrP4p5pdKwx3uhghxbpy9qx3Vw</msg>
<var>${user_token}</var>
<status status="PASS" start="2025-10-09T18:23:44.963844" elapsed="0.188795"/>
</kw>
<kw name="Reservation Payload" owner="payloads">
<if>
<branch type="IF" condition="$seats is None">
<kw name="Reservation Seats (Default)" owner="payloads">
<var>${seats}</var>
<status status="NOT RUN" start="2025-10-09T18:23:45.154701" elapsed="0.000037"/>
</kw>
<status status="NOT RUN" start="2025-10-09T18:23:45.154033" elapsed="0.000754"/>
</branch>
<status status="PASS" start="2025-10-09T18:23:45.153987" elapsed="0.000853"/>
</if>
<kw name="Create Dictionary" owner="BuiltIn">
<msg time="2025-10-09T18:23:45.155371" level="INFO">${body} = {'session': '68e81126aad0b0d70a387eaf', 'seats': [{'row': 'A', 'number': 1, 'type': 'full'}, {'row': 'B', 'number': 2, 'type': 'full'}], 'paymentMethod': 'credit_card'}</msg>
<var>${body}</var>
<arg>session=${session_id}</arg>
<arg>seats=${seats}</arg>
<arg>paymentMethod=${payment_method}</arg>
<doc>Creates and returns a dictionary based on the given ``items``.</doc>
<status status="PASS" start="2025-10-09T18:23:45.154974" elapsed="0.000435"/>
</kw>
<kw name="Set Suite Variable" owner="BuiltIn">
<msg time="2025-10-09T18:23:45.155769" level="INFO">${LAST_SEATS} = [{'row': 'A', 'number': 1, 'type': 'full'}, {'row': 'B', 'number': 2, 'type': 'full'}]</msg>
<arg>${LAST_SEATS}</arg>
<arg>${seats}</arg>
<doc>Makes a variable available everywhere within the scope of the current suite.</doc>
<status status="PASS" start="2025-10-09T18:23:45.155549" elapsed="0.000271"/>
</kw>
<return>
<value>${body}</value>
<status status="PASS" start="2025-10-09T18:23:45.155880" elapsed="0.000048"/>
</return>
<msg time="2025-10-09T18:23:45.156080" level="INFO">${payload} = {'session': '68e81126aad0b0d70a387eaf', 'seats': [{'row': 'A', 'number': 1, 'type': 'full'}, {'row': 'B', 'number': 2, 'type': 'full'}], 'paymentMethod': 'credit_card'}</msg>
<var>${payload}</var>
<arg>${TEST_SESSION_ID}</arg>
<arg>${LAST_SEATS}</arg>
<status status="PASS" start="2025-10-09T18:23:45.153244" elapsed="0.002882"/>
</kw>
<kw name="Header With Token" owner="env">
<kw name="Create Dictionary" owner="BuiltIn">
<msg time="2025-10-09T18:23:45.157155" level="INFO">${headers} = {'Authorization': 'Bearer eyJhbGciOiJIUzI1NiIsInR5cCI6IkpXVCJ9.eyJpZCI6IjY4ZTdmNDA2MzMyYmE2NmE1M2ZlNjBkOSIsImlhdCI6MTc2MDA0NTAyNSwiZXhwIjoxNzYwMTMxNDI1fQ.R0OoCJWLsBlDl_VFxGrP4p5pdKwx3uhghxbpy9qx3Vw', ...</msg>
<var>${headers}</var>
<arg>Authorization=Bearer ${token}</arg>
<arg>Content-Type=application/json</arg>
<arg>Accept=application/json</arg>
<doc>Creates and returns a dictionary based on the given ``items``.</doc>
<status status="PASS" start="2025-10-09T18:23:45.156861" elapsed="0.000332"/>
</kw>
<return>
<value>${headers}</value>
<status status="PASS" start="2025-10-09T18:23:45.157259" elapsed="0.000036"/>
</return>
<msg time="2025-10-09T18:23:45.157442" level="INFO">${headers} = {'Authorization': 'Bearer eyJhbGciOiJIUzI1NiIsInR5cCI6IkpXVCJ9.eyJpZCI6IjY4ZTdmNDA2MzMyYmE2NmE1M2ZlNjBkOSIsImlhdCI6MTc2MDA0NTAyNSwiZXhwIjoxNzYwMTMxNDI1fQ.R0OoCJWLsBlDl_VFxGrP4p5pdKwx3uhghxbpy9qx3Vw', ...</msg>
<var>${headers}</var>
<arg>${USER_TOKEN}</arg>
<status status="PASS" start="2025-10-09T18:23:45.156534" elapsed="0.000940"/>
</kw>
<kw name="POST On Session" owner="RequestsLibrary">
<msg time="2025-10-09T18:23:45.291829" level="INFO">POST Request : url=http://localhost:3000/api/v1/reservations 
 path_url=/api/v1/reservations 
 headers={'User-Agent': 'python-requests/2.32.5', 'Accept-Encoding': 'gzip, deflate', 'Accept': 'application/json', 'Connection': 'keep-alive', 'Authorization': 'Bearer eyJhbGciOiJIUzI1NiIsInR5cCI6IkpXVCJ9.eyJpZCI6IjY4ZTdmNDA2MzMyYmE2NmE1M2ZlNjBkOSIsImlhdCI6MTc2MDA0NTAyNSwiZXhwIjoxNzYwMTMxNDI1fQ.R0OoCJWLsBlDl_VFxGrP4p5pdKwx3uhghxbpy9qx3Vw', 'Content-Type': 'application/json', 'Content-Length': '168'} 
 body=b'{"session": "68e81126aad0b0d70a387eaf", "seats": [{"row": "A", "number": 1, "type": "full"}, {"row": "B", "number": 2, "type": "full"}], "paymentMethod": "credit_card"}' 
 </msg>
<msg time="2025-10-09T18:23:45.291922" level="INFO">POST Response : url=http://localhost:3000/api/v1/reservations 
 status=400, reason=Bad Request 
 headers={'X-Powered-By': 'Express', 'Access-Control-Allow-Origin': '*', 'Content-Type': 'application/json; charset=utf-8', 'Content-Length': '75', 'ETag': 'W/"4b-G3MlIE6oPPbVs3yZbZa+ZimdPUU"', 'Date': 'Thu, 09 Oct 2025 21:23:45 GMT', 'Connection': 'keep-alive', 'Keep-Alive': 'timeout=5'} 
 body={"success":false,"message":"The following seats are not available: A1, B2"} 
 </msg>
<msg time="2025-10-09T18:23:45.292191" level="INFO">${resp} = &lt;Response [400]&gt;</msg>
<var>${resp}</var>
<arg>cinema</arg>
<arg>/reservations</arg>
<arg>headers=${headers}</arg>
<arg>json=${payload}</arg>
<arg>expected_status=any</arg>
<doc>Sends a POST request on a previously created HTTP Session.</doc>
<status status="PASS" start="2025-10-09T18:23:45.157792" elapsed="0.134445"/>
</kw>
<kw name="Should Be Equal As Integers" owner="BuiltIn">
<msg time="2025-10-09T18:23:45.293540" level="INFO">Argument types are:
&lt;class 'int'&gt;
&lt;class 'str'&gt;</msg>
<arg>${resp.status_code}</arg>
<arg>400</arg>
<doc>Fails if objects are unequal after converting them to integers.</doc>
<status status="PASS" start="2025-10-09T18:23:45.292661" elapsed="0.000970"/>
</kw>
<status status="PASS" start="2025-10-09T18:23:44.963224" elapsed="0.330821"/>
</test>
<test id="s1-t5" name="CT05:Criar reserva - não autorizado (401)" line="42">
<kw name="Reservation Seats (Default)" owner="payloads">
<kw name="Seats Unique" owner="payloads">
<kw name="Create List" owner="BuiltIn">
<msg time="2025-10-09T18:23:45.296121" level="INFO">${seats} = []</msg>
<var>${seats}</var>
<doc>Returns a list containing given items.</doc>
<status status="PASS" start="2025-10-09T18:23:45.295978" elapsed="0.000178"/>
</kw>
<kw name="Repeat Keyword" owner="BuiltIn">
<msg time="2025-10-09T18:23:45.296425" level="INFO">Repeating keyword, round 1/2.</msg>
<kw name="Append New Seat" owner="payloads">
<kw name="Next Seat" owner="payloads">
<kw name="Run Keyword And Return Status" owner="BuiltIn">
<kw name="Variable Should Exist" owner="BuiltIn">
<arg>${SEAT_COUNTER}</arg>
<doc>Fails unless the given variable exists within the current scope.</doc>
<status status="PASS" start="2025-10-09T18:23:45.297354" elapsed="0.000178"/>
</kw>
<msg time="2025-10-09T18:23:45.297649" level="INFO">${exists} = True</msg>
<var>${exists}</var>
<arg>Variable Should Exist</arg>
<arg>${SEAT_COUNTER}</arg>
<doc>Runs the given keyword with given arguments and returns the status as a Boolean value.</doc>
<status status="PASS" start="2025-10-09T18:23:45.297194" elapsed="0.000484"/>
</kw>
<kw name="Run Keyword If" owner="BuiltIn">
<arg>not ${exists}</arg>
<arg>Set Suite Variable</arg>
<arg>${SEAT_COUNTER}</arg>
<arg>0</arg>
<doc>Runs the given keyword with the given arguments, if ``condition`` is true.</doc>
<status status="PASS" start="2025-10-09T18:23:45.297808" elapsed="0.000180"/>
</kw>
<kw name="Create List" owner="BuiltIn">
<msg time="2025-10-09T18:23:45.298278" level="INFO">${rows} = ['A', 'B', 'C', 'D', 'E']</msg>
<var>${rows}</var>
<arg>A</arg>
<arg>B</arg>
<arg>C</arg>
<arg>D</arg>
<arg>E</arg>
<doc>Returns a list containing given items.</doc>
<status status="PASS" start="2025-10-09T18:23:45.298117" elapsed="0.000192"/>
</kw>
<kw name="Evaluate" owner="BuiltIn">
<msg time="2025-10-09T18:23:45.298666" level="INFO">${idx} = 4</msg>
<var>${idx}</var>
<arg>${SEAT_COUNTER} % 5</arg>
<doc>Evaluates the given expression in Python and returns the result.</doc>
<status status="PASS" start="2025-10-09T18:23:45.298440" elapsed="0.000257"/>
</kw>
<kw name="Get From List" owner="Collections">
<msg time="2025-10-09T18:23:45.299125" level="INFO">${row} = E</msg>
<var>${row}</var>
<arg>${rows}</arg>
<arg>${idx}</arg>
<doc>Returns the value specified with an ``index`` from ``list``.</doc>
<status status="PASS" start="2025-10-09T18:23:45.298905" elapsed="0.000252"/>
</kw>
<kw name="Evaluate" owner="BuiltIn">
<msg time="2025-10-09T18:23:45.299535" level="INFO">${number} = 5</msg>
<var>${number}</var>
[...]
 </msg>
<msg time="2025-10-09T18:23:48.866753" level="INFO">${resp} = &lt;Response [200]&gt;</msg>
<var>${resp}</var>
<arg>cinema</arg>
<arg>/auth/login</arg>
<arg>json=${body}</arg>
<arg>expected_status=any</arg>
<doc>Sends a POST request on a previously created HTTP Session.</doc>
<status status="PASS" start="2025-10-09T18:23:48.682138" elapsed="0.184727"/>
</kw>
<kw name="Should Be Equal As Integers" owner="BuiltIn">
<msg time="2025-10-09T18:23:48.868609" level="INFO">Argument types are:
&lt;class 'int'&gt;
&lt;class 'str'&gt;</msg>
<arg>${resp.status_code}</arg>
<arg>200</arg>
<doc>Fails if objects are unequal after converting them to integers.</doc>
<status status="PASS" start="2025-10-09T18:23:48.867216" elapsed="0.001492"/>
</kw>
<kw name="Extract Token" owner="auth">
<kw name="Set Variable" owner="BuiltIn">
<msg time="2025-10-09T18:23:48.870536" level="INFO">${body} = {'success': True, 'data': {'_id': '68e7f406332ba66a53fe60d9', 'name': 'Test User', 'email': 'test@example.com', 'role': 'user', 'token': 'eyJhbGciOiJIUzI1NiIsInR5cCI6IkpXVCJ9.eyJpZCI6IjY4ZTdmNDA2MzMyY...</msg>
<var>${body}</var>
<arg>${resp.json()}</arg>
<doc>Returns the given values which can then be assigned to a variables.</doc>
<status status="PASS" start="2025-10-09T18:23:48.869442" elapsed="0.001148"/>
</kw>
<kw name="_Extract From Body" owner="auth">
<kw name="Run Keyword And Return If" owner="BuiltIn">
<msg time="2025-10-09T18:23:48.871568" level="INFO">${value} = None</msg>
<var>${value}</var>
<arg>'${key}' in ${body}</arg>
<arg>Set Variable</arg>
<arg>${body['${key}']}</arg>
<doc>Runs the specified keyword and returns from the enclosing user keyword.</doc>
<status status="PASS" start="2025-10-09T18:23:48.871233" elapsed="0.000376"/>
</kw>
<kw name="Run Keyword And Return If" owner="BuiltIn">
<kw name="Set Variable" owner="BuiltIn">
<arg>${body['data']['${key}']}</arg>
<doc>Returns the given values which can then be assigned to a variables.</doc>
<status status="PASS" start="2025-10-09T18:23:48.872752" elapsed="0.000644"/>
</kw>
<msg time="2025-10-09T18:23:48.873478" level="INFO">Returning from the enclosing user keyword.</msg>
<var>${value}</var>
<arg>'data' in ${body} and '${key}' in ${body['data']}</arg>
<arg>Set Variable</arg>
<arg>${body['data']['${key}']}</arg>
<doc>Runs the specified keyword and returns from the enclosing user keyword.</doc>
<status status="PASS" start="2025-10-09T18:23:48.871806" elapsed="0.001750"/>
</kw>
<return>
<value>${value}</value>
<status status="NOT RUN" start="2025-10-09T18:23:48.873653" elapsed="0.000027"/>
</return>
<msg time="2025-10-09T18:23:48.873833" level="INFO">${token} = eyJhbGciOiJIUzI1NiIsInR5cCI6IkpXVCJ9.eyJpZCI6IjY4ZTdmNDA2MzMyYmE2NmE1M2ZlNjBkOSIsImlhdCI6MTc2MDA0NTAyOCwiZXhwIjoxNzYwMTMxNDI4fQ.U-Ei1m3TQG090rdOgss0jfvmSL5IID4p2P7kqy2_RLs</msg>
<var>${token}</var>
<arg>${body}</arg>
<arg>token</arg>
<status status="PASS" start="2025-10-09T18:23:48.870832" elapsed="0.003037"/>
</kw>
<kw name="Should Not Be Empty" owner="BuiltIn">
<msg time="2025-10-09T18:23:48.874265" level="INFO">Length is 171.</msg>
<arg>${token}</arg>
<doc>Verifies that the given item is not empty.</doc>
<status status="PASS" start="2025-10-09T18:23:48.874036" elapsed="0.000292"/>
</kw>
<return>
<value>${token}</value>
<status status="PASS" start="2025-10-09T18:23:48.874388" elapsed="0.000062"/>
</return>
<msg time="2025-10-09T18:23:48.874619" level="INFO">${token} = eyJhbGciOiJIUzI1NiIsInR5cCI6IkpXVCJ9.eyJpZCI6IjY4ZTdmNDA2MzMyYmE2NmE1M2ZlNjBkOSIsImlhdCI6MTc2MDA0NTAyOCwiZXhwIjoxNzYwMTMxNDI4fQ.U-Ei1m3TQG090rdOgss0jfvmSL5IID4p2P7kqy2_RLs</msg>
<var>${token}</var>
<arg>${resp}</arg>
<status status="PASS" start="2025-10-09T18:23:48.868992" elapsed="0.005660"/>
</kw>
<return>
<value>${token}</value>
<status status="PASS" start="2025-10-09T18:23:48.874706" elapsed="0.000037"/>
</return>
<msg time="2025-10-09T18:23:48.875094" level="INFO">${user_token} = eyJhbGciOiJIUzI1NiIsInR5cCI6IkpXVCJ9.eyJpZCI6IjY4ZTdmNDA2MzMyYmE2NmE1M2ZlNjBkOSIsImlhdCI6MTc2MDA0NTAyOCwiZXhwIjoxNzYwMTMxNDI4fQ.U-Ei1m3TQG090rdOgss0jfvmSL5IID4p2P7kqy2_RLs</msg>
<var>${user_token}</var>
<status status="PASS" start="2025-10-09T18:23:48.679804" elapsed="0.195372"/>
</kw>
<kw name="Header With Token" owner="env">
<kw name="Create Dictionary" owner="BuiltIn">
<msg time="2025-10-09T18:23:48.877098" level="INFO">${headers} = {'Authorization': 'Bearer eyJhbGciOiJIUzI1NiIsInR5cCI6IkpXVCJ9.eyJpZCI6IjY4ZTdmNDA2MzMyYmE2NmE1M2ZlNjBkOSIsImlhdCI6MTc2MDA0NTAyOCwiZXhwIjoxNzYwMTMxNDI4fQ.U-Ei1m3TQG090rdOgss0jfvmSL5IID4p2P7kqy2_RLs', ...</msg>
<var>${headers}</var>
<arg>Authorization=Bearer ${token}</arg>
<arg>Content-Type=application/json</arg>
<arg>Accept=application/json</arg>
<doc>Creates and returns a dictionary based on the given ``items``.</doc>
<status status="PASS" start="2025-10-09T18:23:48.876463" elapsed="0.000691"/>
</kw>
<return>
<value>${headers}</value>
<status status="PASS" start="2025-10-09T18:23:48.877232" elapsed="0.000040"/>
</return>
<msg time="2025-10-09T18:23:48.877431" level="INFO">${headers} = {'Authorization': 'Bearer eyJhbGciOiJIUzI1NiIsInR5cCI6IkpXVCJ9.eyJpZCI6IjY4ZTdmNDA2MzMyYmE2NmE1M2ZlNjBkOSIsImlhdCI6MTc2MDA0NTAyOCwiZXhwIjoxNzYwMTMxNDI4fQ.U-Ei1m3TQG090rdOgss0jfvmSL5IID4p2P7kqy2_RLs', ...</msg>
<var>${headers}</var>
<arg>${user_token}</arg>
<status status="PASS" start="2025-10-09T18:23:48.875775" elapsed="0.001692"/>
</kw>
<kw name="Run Keyword If" owner="BuiltIn">
<kw name="Set Variable" owner="BuiltIn">
<arg>${TEST_SESSION_ID}</arg>
<doc>Returns the given values which can then be assigned to a variables.</doc>
<status status="PASS" start="2025-10-09T18:23:48.878248" elapsed="0.000177"/>
</kw>
<msg time="2025-10-09T18:23:48.878537" level="INFO">${target} = 68e81126aad0b0d70a387eaf</msg>
<var>${target}</var>
<arg>'${LAST_RES_ID}' != ''</arg>
<arg>Set Variable</arg>
<arg>${LAST_RES_ID}</arg>
<arg>ELSE</arg>
<arg>Set Variable</arg>
<arg>${TEST_SESSION_ID}</arg>
<doc>Runs the given keyword with the given arguments, if ``condition`` is true.</doc>
<status status="PASS" start="2025-10-09T18:23:48.877878" elapsed="0.000691"/>
</kw>
<kw name="DELETE On Session" owner="RequestsLibrary">
<msg time="2025-10-09T18:23:48.944206" level="INFO">DELETE Request : url=http://localhost:3000/api/v1/reservations/68e81126aad0b0d70a387eaf 
 path_url=/api/v1/reservations/68e81126aad0b0d70a387eaf 
 headers={'User-Agent': 'python-requests/2.32.5', 'Accept-Encoding': 'gzip, deflate', 'Accept': 'application/json', 'Connection': 'keep-alive', 'Authorization': 'Bearer eyJhbGciOiJIUzI1NiIsInR5cCI6IkpXVCJ9.eyJpZCI6IjY4ZTdmNDA2MzMyYmE2NmE1M2ZlNjBkOSIsImlhdCI6MTc2MDA0NTAyOCwiZXhwIjoxNzYwMTMxNDI4fQ.U-Ei1m3TQG090rdOgss0jfvmSL5IID4p2P7kqy2_RLs', 'Content-Type': 'application/json', 'Content-Length': '0'} 
 body=None 
 </msg>
<msg time="2025-10-09T18:23:48.944305" level="INFO">DELETE Response : url=http://localhost:3000/api/v1/reservations/68e81126aad0b0d70a387eaf 
 status=403, reason=Forbidden 
 headers={'X-Powered-By': 'Express', 'Access-Control-Allow-Origin': '*', 'Content-Type': 'application/json; charset=utf-8', 'Content-Length': '83', 'ETag': 'W/"53-HQ7D0c09eB4A2u3nNjjh5szO0JM"', 'Date': 'Thu, 09 Oct 2025 21:23:48 GMT', 'Connection': 'keep-alive', 'Keep-Alive': 'timeout=5'} 
 body={"success":false,"message":"User role user is not authorized to access this route"} 
 </msg>
<msg time="2025-10-09T18:23:48.944538" level="INFO">${resp} = &lt;Response [403]&gt;</msg>
<var>${resp}</var>
<arg>cinema</arg>
<arg>/reservations/${target}</arg>
<arg>headers=${headers}</arg>
<arg>expected_status=any</arg>
<doc>Sends a DELETE request on a previously created HTTP Session.</doc>
<status status="PASS" start="2025-10-09T18:23:48.878991" elapsed="0.065600"/>
</kw>
<kw name="Should Be Equal As Integers" owner="BuiltIn">
<msg time="2025-10-09T18:23:48.946131" level="INFO">Argument types are:
&lt;class 'int'&gt;
&lt;class 'str'&gt;</msg>
<arg>${resp.status_code}</arg>
<arg>403</arg>
<doc>Fails if objects are unequal after converting them to integers.</doc>
<status status="PASS" start="2025-10-09T18:23:48.945240" elapsed="0.000980"/>
</kw>
<status status="PASS" start="2025-10-09T18:23:48.679049" elapsed="0.267554"/>
</test>
<test id="s1-t20" name="CT20:Excluir - não encontrado (404)" line="142">
<kw name="Login As Admin" owner="auth">
<kw name="Create API Session" owner="env">
<kw name="Create Session" owner="RequestsLibrary">
<msg time="2025-10-09T18:23:48.948755" level="INFO">Creating Session using : alias=cinema, url=http://localhost:3000/api/v1, headers={},                     cookies={}, auth=None, timeout=None, proxies=None, verify=False,                     debug=0 </msg>
<arg>cinema</arg>
<arg>${BASE_URL}</arg>
<arg>disable_warnings=1</arg>
<doc>Create Session: create a HTTP session to a server</doc>
<status status="PASS" start="2025-10-09T18:23:48.948515" elapsed="0.000437"/>
</kw>
<status status="PASS" start="2025-10-09T18:23:48.948267" elapsed="0.000769"/>
</kw>
<kw name="Create Dictionary" owner="BuiltIn">
<msg time="2025-10-09T18:23:48.949489" level="INFO">${body} = {'email': 'admin@example.com', 'password': 'admin123'}</msg>
<var>${body}</var>
<arg>email=${ADMIN_EMAIL}</arg>
<arg>password=${ADMIN_PASS}</arg>
<doc>Creates and returns a dictionary based on the given ``items``.</doc>
<status status="PASS" start="2025-10-09T18:23:48.949177" elapsed="0.000347"/>
</kw>
<kw name="POST On Session" owner="RequestsLibrary">
<msg time="2025-10-09T18:23:49.131326" level="INFO">POST Request : url=http://localhost:3000/api/v1/auth/login 
 path_url=/api/v1/auth/login 
 headers={'User-Agent': 'python-requests/2.32.5', 'Accept-Encoding': 'gzip, deflate', 'Accept': '*/*', 'Connection': 'keep-alive', 'Content-Length': '54', 'Content-Type': 'application/json'} 
 body=b'{"email": "admin@example.com", "password": "admin123"}' 
 </msg>
<msg time="2025-10-09T18:23:49.131446" level="INFO">POST Response : url=http://localhost:3000/api/v1/auth/login 
 status=200, reason=OK 
 headers={'X-Powered-By': 'Express', 'Access-Control-Allow-Origin': '*', 'Content-Type': 'application/json; charset=utf-8', 'Content-Length': '303', 'ETag': 'W/"12f-g9CHzrZeTvuLzHmYq1lb75/iAP0"', 'Date': 'Thu, 09 Oct 2025 21:23:49 GMT', 'Connection': 'keep-alive', 'Keep-Alive': 'timeout=5'} 
 body={"success":true,"data":{"_id":"68e7f407332ba66a53fe60de","name":"Admin User","email":"admin@example.com","role":"admin","token":"eyJhbGciOiJIUzI1NiIsInR5cCI6IkpXVCJ9.eyJpZCI6IjY4ZTdmNDA3MzMyYmE2NmE1M2ZlNjBkZSIsImlhdCI6MTc2MDA0NTAyOSwiZXhwIjoxNzYwMTMxNDI5fQ.RWDIcEhnQCF_zyWzXS6uoCeSzOLVtFLgCF9AoT2LEng"}} 
 </msg>
<msg time="2025-10-09T18:23:49.131596" level="INFO">${resp} = &lt;Response [200]&gt;</msg>
<var>${resp}</var>
<arg>cinema</arg>
<arg>/auth/login</arg>
<arg>json=${body}</arg>
<arg>expected_status=any</arg>
<doc>Sends a POST request on a previously created HTTP Session.</doc>
<status status="PASS" start="2025-10-09T18:23:48.949652" elapsed="0.181980"/>
</kw>
<kw name="Should Be Equal As Integers" owner="BuiltIn">
<msg time="2025-10-09T18:23:49.132434" level="INFO">Argument types are:
&lt;class 'int'&gt;
&lt;class 'str'&gt;</msg>
<arg>${resp.status_code}</arg>
<arg>200</arg>
<doc>Fails if objects are unequal after converting them to integers.</doc>
<status status="PASS" start="2025-10-09T18:23:49.131816" elapsed="0.000713"/>
</kw>
<kw name="Extract Token" owner="auth">
<kw name="Set Variable" owner="BuiltIn">
<msg time="2025-10-09T18:23:49.135296" level="INFO">${body} = {'success': True, 'data': {'_id': '68e7f407332ba66a53fe60de', 'name': 'Admin User', 'email': 'admin@example.com', 'role': 'admin', 'token': 'eyJhbGciOiJIUzI1NiIsInR5cCI6IkpXVCJ9.eyJpZCI6IjY4ZTdmNDA3Mz...</msg>
<var>${body}</var>
<arg>${resp.json()}</arg>
<doc>Returns the given values which can then be assigned to a variables.</doc>
<status status="PASS" start="2025-10-09T18:23:49.133666" elapsed="0.001700"/>
</kw>
<kw name="_Extract From Body" owner="auth">
<kw name="Run Keyword And Return If" owner="BuiltIn">
<msg time="2025-10-09T18:23:49.136873" level="INFO">${value} = None</msg>
<var>${value}</var>
<arg>'${key}' in ${body}</arg>
<arg>Set Variable</arg>
<arg>${body['${key}']}</arg>
<doc>Runs the specified keyword and returns from the enclosing user keyword.</doc>
<status status="PASS" start="2025-10-09T18:23:49.136334" elapsed="0.000603"/>
</kw>
<kw name="Run Keyword And Return If" owner="BuiltIn">
<kw name="Set Variable" owner="BuiltIn">
<arg>${body['data']['${key}']}</arg>
<doc>Returns the given values which can then be assigned to a variables.</doc>
<status status="PASS" start="2025-10-09T18:23:49.138591" elapsed="0.001017"/>
</kw>
<msg time="2025-10-09T18:23:49.139748" level="INFO">Returning from the enclosing user keyword.</msg>
<var>${value}</var>
<arg>'data' in ${body} and '${key}' in ${body['data']}</arg>
<arg>Set Variable</arg>
<arg>${body['data']['${key}']}</arg>
<doc>Runs the specified keyword and returns from the enclosing user keyword.</doc>
<status status="PASS" start="2025-10-09T18:23:49.137217" elapsed="0.002668"/>
</kw>
<return>
<value>${value}</value>
<status status="NOT RUN" start="2025-10-09T18:23:49.140205" elapsed="0.000046"/>
</return>
<msg time="2025-10-09T18:23:49.140491" level="INFO">${token} = eyJhbGciOiJIUzI1NiIsInR5cCI6IkpXVCJ9.eyJpZCI6IjY4ZTdmNDA3MzMyYmE2NmE1M2ZlNjBkZSIsImlhdCI6MTc2MDA0NTAyOSwiZXhwIjoxNzYwMTMxNDI5fQ.RWDIcEhnQCF_zyWzXS6uoCeSzOLVtFLgCF9AoT2LEng</msg>
<var>${token}</var>
<arg>${body}</arg>
<arg>token</arg>
<status status="PASS" start="2025-10-09T18:23:49.135723" elapsed="0.004827"/>
</kw>
<kw name="Should Not Be Empty" owner="BuiltIn">
<msg time="2025-10-09T18:23:49.141582" level="INFO">Length is 171.</msg>
<arg>${token}</arg>
<doc>Verifies that the given item is not empty.</doc>
<status status="PASS" start="2025-10-09T18:23:49.140803" elapsed="0.000911"/>
</kw>
<return>
<value>${token}</value>
<status status="PASS" start="2025-10-09T18:23:49.141933" elapsed="0.000076"/>
</return>
<msg time="2025-10-09T18:23:49.142308" level="INFO">${token} = eyJhbGciOiJIUzI1NiIsInR5cCI6IkpXVCJ9.eyJpZCI6IjY4ZTdmNDA3MzMyYmE2NmE1M2ZlNjBkZSIsImlhdCI6MTc2MDA0NTAyOSwiZXhwIjoxNzYwMTMxNDI5fQ.RWDIcEhnQCF_zyWzXS6uoCeSzOLVtFLgCF9AoT2LEng</msg>
<var>${token}</var>
<arg>${resp}</arg>
<status status="PASS" start="2025-10-09T18:23:49.132779" elapsed="0.009576"/>
</kw>
<return>
<value>${token}</value>
<status status="PASS" start="2025-10-09T18:23:49.142530" elapsed="0.000043"/>
</return>
<msg time="2025-10-09T18:23:49.142741" level="INFO">${admin_token} = eyJhbGciOiJIUzI1NiIsInR5cCI6IkpXVCJ9.eyJpZCI6IjY4ZTdmNDA3MzMyYmE2NmE1M2ZlNjBkZSIsImlhdCI6MTc2MDA0NTAyOSwiZXhwIjoxNzYwMTMxNDI5fQ.RWDIcEhnQCF_zyWzXS6uoCeSzOLVtFLgCF9AoT2LEng</msg>
<var>${admin_token}</var>
<status status="PASS" start="2025-10-09T18:23:48.947926" elapsed="0.194849"/>
</kw>
<kw name="Delete Reservation (admin)" owner="reservations">
<kw name="Header (Token)" owner="reservations">
<kw name="Header With Token" owner="env">
<kw name="Create Dictionary" owner="BuiltIn">
<msg time="2025-10-09T18:23:49.146309" level="INFO">${headers} = {'Authorization': 'Bearer eyJhbGciOiJIUzI1NiIsInR5cCI6IkpXVCJ9.eyJpZCI6IjY4ZTdmNDA3MzMyYmE2NmE1M2ZlNjBkZSIsImlhdCI6MTc2MDA0NTAyOSwiZXhwIjoxNzYwMTMxNDI5fQ.RWDIcEhnQCF_zyWzXS6uoCeSzOLVtFLgCF9AoT2LEng', ...</msg>
<var>${headers}</var>
<arg>Authorization=Bearer ${token}</arg>
<arg>Content-Type=application/json</arg>
<arg>Accept=application/json</arg>
<doc>Creates and returns a dictionary based on the given ``items``.</doc>
<status status="PASS" start="2025-10-09T18:23:49.145786" elapsed="0.000588"/>
</kw>
<return>
<value>${headers}</value>
<status status="PASS" start="2025-10-09T18:23:49.146498" elapsed="0.000065"/>
</return>
<msg time="2025-10-09T18:23:49.146859" level="INFO">${headers} = {'Authorization': 'Bearer eyJhbGciOiJIUzI1NiIsInR5cCI6IkpXVCJ9.eyJpZCI6IjY4ZTdmNDA3MzMyYmE2NmE1M2ZlNjBkZSIsImlhdCI6MTc2MDA0NTAyOSwiZXhwIjoxNzYwMTMxNDI5fQ.RWDIcEhnQCF_zyWzXS6uoCeSzOLVtFLgCF9AoT2LEng', ...</msg>
<var>${headers}</var>
<arg>${token}</arg>
<status status="PASS" start="2025-10-09T18:23:49.145245" elapsed="0.001687"/>
</kw>
<return>
<value>${headers}</value>
<status status="PASS" start="2025-10-09T18:23:49.147045" elapsed="0.000074"/>
</return>
<msg time="2025-10-09T18:23:49.147388" level="INFO">${headers} = {'Authorization': 'Bearer eyJhbGciOiJIUzI1NiIsInR5cCI6IkpXVCJ9.eyJpZCI6IjY4ZTdmNDA3MzMyYmE2NmE1M2ZlNjBkZSIsImlhdCI6MTc2MDA0NTAyOSwiZXhwIjoxNzYwMTMxNDI5fQ.RWDIcEhnQCF_zyWzXS6uoCeSzOLVtFLgCF9AoT2LEng', ...</msg>
<var>${headers}</var>
<arg>${token}</arg>
<status status="PASS" start="2025-10-09T18:23:49.144122" elapsed="0.003306"/>
</kw>
<kw name="DELETE On Session" owner="RequestsLibrary">
<msg time="2025-10-09T18:23:49.271978" level="INFO">DELETE Request : url=http://localhost:3000/api/v1/reservations/999999999999999999999999 
 path_url=/api/v1/reservations/999999999999999999999999 
 headers={'User-Agent': 'python-requests/2.32.5', 'Accept-Encoding': 'gzip, deflate', 'Accept': 'application/json', 'Connection': 'keep-alive', 'Authorization': 'Bearer eyJhbGciOiJIUzI1NiIsInR5cCI6IkpXVCJ9.eyJpZCI6IjY4ZTdmNDA3MzMyYmE2NmE1M2ZlNjBkZSIsImlhdCI6MTc2MDA0NTAyOSwiZXhwIjoxNzYwMTMxNDI5fQ.RWDIcEhnQCF_zyWzXS6uoCeSzOLVtFLgCF9AoT2LEng', 'Content-Type': 'application/json', 'Content-Length': '0'} 
 body=None 
 </msg>
<msg time="2025-10-09T18:23:49.272091" level="INFO">DELETE Response : url=http://localhost:3000/api/v1/reservations/999999999999999999999999 
 status=404, reason=Not Found 
 headers={'X-Powered-By': 'Express', 'Access-Control-Allow-Origin': '*', 'Content-Type': 'application/json; charset=utf-8', 'Content-Length': '51', 'ETag': 'W/"33-8vWO0lSSzyNkCoU9rwUX947GF3A"', 'Date': 'Thu, 09 Oct 2025 21:23:49 GMT', 'Connection': 'keep-alive', 'Keep-Alive': 'timeout=5'} 
 body={"success":false,"message":"Reservation not found"} 
 </msg>
<msg time="2025-10-09T18:23:49.272243" level="INFO">${resp} = &lt;Response [404]&gt;</msg>
<var>${resp}</var>
<arg>cinema</arg>
<arg>/reservations/${reservation_id}</arg>
<arg>headers=${headers}</arg>
<arg>expected_status=any</arg>
<doc>Sends a DELETE request on a previously created HTTP Session.</doc>
<status status="PASS" start="2025-10-09T18:23:49.147582" elapsed="0.124695"/>
</kw>
<return>
<value>${resp}</value>
<status status="PASS" start="2025-10-09T18:23:49.272366" elapsed="0.000050"/>
</return>
<msg time="2025-10-09T18:23:49.272581" level="INFO">${resp} = &lt;Response [404]&gt;</msg>
<var>${resp}</var>
<arg>${admin_token}</arg>
<arg>${INVALID_SESSION_ID}</arg>
<status status="PASS" start="2025-10-09T18:23:49.143317" elapsed="0.129295"/>
</kw>
<kw name="Should Be Equal As Integers" owner="BuiltIn">
<msg time="2025-10-09T18:23:49.273658" level="INFO">Argument types are:
&lt;class 'int'&gt;
&lt;class 'str'&gt;</msg>
<arg>${resp.status_code}</arg>
<arg>404</arg>
<doc>Fails if objects are unequal after converting them to integers.</doc>
<status status="PASS" start="2025-10-09T18:23:49.272991" elapsed="0.000770"/>
</kw>
<status status="PASS" start="2025-10-09T18:23:48.947337" elapsed="0.326903"/>
</test>
<status status="PASS" start="2025-10-09T18:23:43.172279" elapsed="6.103060"/>
</suite>
<statistics>
<total>
<stat pass="20" fail="0" skip="0">All Tests</stat>
</total>
<tag>
</tag>
<suite>
<stat name="20 Reservations" id="s1" pass="20" fail="0" skip="0">20 Reservations</stat>
</suite>
</statistics>
<errors>
<msg time="2025-10-09T18:23:43.158545" level="WARN">Error in file 'C:\Users\Guilherme\Documents\Compass-PB\Documentos\Challenge Final\Backend tests\tests\20_reservations.robot' on line 162: The '[Return]' setting is deprecated. Use the 'RETURN' statement instead.</msg>
</errors>
</robot>
